{"D:\\hacktiv8\\phase-2\\IP\\IP-HCK84-SteamSaverPLUS\\server\\app.js": {"path":"D:\\hacktiv8\\phase-2\\IP\\IP-HCK84-SteamSaverPLUS\\server\\app.js","statementMap":{"0":{"start":{"line":1,"column":0},"end":{"line":3,"column":1}},"1":{"start":{"line":2,"column":2},"end":{"line":2,"column":29}},"2":{"start":{"line":4,"column":16},"end":{"line":4,"column":34}},"3":{"start":{"line":5,"column":11},"end":{"line":5,"column":24}},"4":{"start":{"line":6,"column":13},"end":{"line":6,"column":28}},"5":{"start":{"line":7,"column":21},"end":{"line":7,"column":58}},"6":{"start":{"line":8,"column":15},"end":{"line":8,"column":34}},"7":{"start":{"line":10,"column":12},"end":{"line":10,"column":21}},"8":{"start":{"line":11,"column":0},"end":{"line":13,"column":3}},"9":{"start":{"line":12,"column":2},"end":{"line":12,"column":23}},"10":{"start":{"line":15,"column":0},"end":{"line":15,"column":49}},"11":{"start":{"line":16,"column":0},"end":{"line":16,"column":24}},"12":{"start":{"line":17,"column":0},"end":{"line":17,"column":16}},"13":{"start":{"line":19,"column":0},"end":{"line":19,"column":21}},"14":{"start":{"line":21,"column":0},"end":{"line":21,"column":22}},"15":{"start":{"line":23,"column":0},"end":{"line":23,"column":21}}},"fnMap":{"0":{"name":"(anonymous_0)","decl":{"start":{"line":11,"column":24},"end":{"line":11,"column":25}},"loc":{"start":{"line":11,"column":39},"end":{"line":13,"column":1}},"line":11}},"branchMap":{"0":{"loc":{"start":{"line":1,"column":0},"end":{"line":3,"column":1}},"type":"if","locations":[{"start":{"line":1,"column":0},"end":{"line":3,"column":1}},{"start":{},"end":{}}],"line":1}},"s":{"0":5,"1":5,"2":5,"3":5,"4":5,"5":5,"6":5,"7":5,"8":5,"9":20,"10":5,"11":5,"12":5,"13":5,"14":5,"15":5},"f":{"0":20},"b":{"0":[5,0]},"_coverageSchema":"1a1c01bbd47fc00a2c39e90264f33305004495a9","hash":"60c948e7100f2f204a34f1b3c39856e24cc88723"}
,"D:\\hacktiv8\\phase-2\\IP\\IP-HCK84-SteamSaverPLUS\\server\\controllers\\gameListController.js": {"path":"D:\\hacktiv8\\phase-2\\IP\\IP-HCK84-SteamSaverPLUS\\server\\controllers\\gameListController.js","statementMap":{"0":{"start":{"line":1,"column":28},"end":{"line":1,"column":48}},"1":{"start":{"line":3,"column":0},"end":{"line":74,"column":2}},"2":{"start":{"line":5,"column":4},"end":{"line":10,"column":5}},"3":{"start":{"line":6,"column":20},"end":{"line":6,"column":44}},"4":{"start":{"line":7,"column":6},"end":{"line":7,"column":34}},"5":{"start":{"line":9,"column":6},"end":{"line":9,"column":16}},"6":{"start":{"line":14,"column":4},"end":{"line":23,"column":5}},"7":{"start":{"line":15,"column":21},"end":{"line":15,"column":31}},"8":{"start":{"line":16,"column":19},"end":{"line":16,"column":46}},"9":{"start":{"line":17,"column":6},"end":{"line":19,"column":7}},"10":{"start":{"line":18,"column":8},"end":{"line":18,"column":62}},"11":{"start":{"line":20,"column":6},"end":{"line":20,"column":33}},"12":{"start":{"line":22,"column":6},"end":{"line":22,"column":16}},"13":{"start":{"line":27,"column":4},"end":{"line":32,"column":5}},"14":{"start":{"line":28,"column":19},"end":{"line":28,"column":50}},"15":{"start":{"line":29,"column":6},"end":{"line":29,"column":33}},"16":{"start":{"line":31,"column":6},"end":{"line":31,"column":16}},"17":{"start":{"line":36,"column":4},"end":{"line":48,"column":5}},"18":{"start":{"line":37,"column":21},"end":{"line":37,"column":31}},"19":{"start":{"line":38,"column":24},"end":{"line":40,"column":8}},"20":{"start":{"line":41,"column":6},"end":{"line":43,"column":7}},"21":{"start":{"line":42,"column":8},"end":{"line":42,"column":62}},"22":{"start":{"line":44,"column":26},"end":{"line":44,"column":53}},"23":{"start":{"line":45,"column":6},"end":{"line":45,"column":40}},"24":{"start":{"line":47,"column":6},"end":{"line":47,"column":16}},"25":{"start":{"line":52,"column":4},"end":{"line":63,"column":5}},"26":{"start":{"line":53,"column":21},"end":{"line":53,"column":31}},"27":{"start":{"line":54,"column":22},"end":{"line":56,"column":8}},"28":{"start":{"line":57,"column":6},"end":{"line":59,"column":7}},"29":{"start":{"line":58,"column":8},"end":{"line":58,"column":62}},"30":{"start":{"line":60,"column":6},"end":{"line":60,"column":29}},"31":{"start":{"line":62,"column":6},"end":{"line":62,"column":16}},"32":{"start":{"line":67,"column":4},"end":{"line":72,"column":5}},"33":{"start":{"line":68,"column":20},"end":{"line":68,"column":41}},"34":{"start":{"line":69,"column":6},"end":{"line":69,"column":34}},"35":{"start":{"line":71,"column":6},"end":{"line":71,"column":18}}},"fnMap":{"0":{"name":"(anonymous_0)","decl":{"start":{"line":4,"column":2},"end":{"line":4,"column":3}},"loc":{"start":{"line":4,"column":43},"end":{"line":11,"column":3}},"line":4},"1":{"name":"(anonymous_1)","decl":{"start":{"line":13,"column":2},"end":{"line":13,"column":3}},"loc":{"start":{"line":13,"column":43},"end":{"line":24,"column":3}},"line":13},"2":{"name":"(anonymous_2)","decl":{"start":{"line":26,"column":2},"end":{"line":26,"column":3}},"loc":{"start":{"line":26,"column":42},"end":{"line":33,"column":3}},"line":26},"3":{"name":"(anonymous_3)","decl":{"start":{"line":35,"column":2},"end":{"line":35,"column":3}},"loc":{"start":{"line":35,"column":42},"end":{"line":49,"column":3}},"line":35},"4":{"name":"(anonymous_4)","decl":{"start":{"line":51,"column":2},"end":{"line":51,"column":3}},"loc":{"start":{"line":51,"column":42},"end":{"line":64,"column":3}},"line":51},"5":{"name":"(anonymous_5)","decl":{"start":{"line":66,"column":2},"end":{"line":66,"column":3}},"loc":{"start":{"line":66,"column":45},"end":{"line":73,"column":3}},"line":66}},"branchMap":{"0":{"loc":{"start":{"line":17,"column":6},"end":{"line":19,"column":7}},"type":"if","locations":[{"start":{"line":17,"column":6},"end":{"line":19,"column":7}},{"start":{},"end":{}}],"line":17},"1":{"loc":{"start":{"line":41,"column":6},"end":{"line":43,"column":7}},"type":"if","locations":[{"start":{"line":41,"column":6},"end":{"line":43,"column":7}},{"start":{},"end":{}}],"line":41},"2":{"loc":{"start":{"line":57,"column":6},"end":{"line":59,"column":7}},"type":"if","locations":[{"start":{"line":57,"column":6},"end":{"line":59,"column":7}},{"start":{},"end":{}}],"line":57}},"s":{"0":5,"1":5,"2":1,"3":1,"4":1,"5":0,"6":2,"7":2,"8":2,"9":2,"10":1,"11":1,"12":1,"13":2,"14":2,"15":1,"16":1,"17":2,"18":2,"19":2,"20":2,"21":1,"22":1,"23":1,"24":1,"25":2,"26":2,"27":2,"28":2,"29":1,"30":1,"31":1,"32":1,"33":1,"34":1,"35":0},"f":{"0":1,"1":2,"2":2,"3":2,"4":2,"5":1},"b":{"0":[1,1],"1":[1,1],"2":[1,1]},"_coverageSchema":"1a1c01bbd47fc00a2c39e90264f33305004495a9","hash":"d657bdff4c50c8be2f9b93d4ea4ad5aab9046bfa"}
,"D:\\hacktiv8\\phase-2\\IP\\IP-HCK84-SteamSaverPLUS\\server\\controllers\\geminiController.js": {"path":"D:\\hacktiv8\\phase-2\\IP\\IP-HCK84-SteamSaverPLUS\\server\\controllers\\geminiController.js","statementMap":{"0":{"start":{"line":1,"column":28},"end":{"line":1,"column":56}},"1":{"start":{"line":2,"column":34},"end":{"line":2,"column":54}},"2":{"start":{"line":3,"column":15},"end":{"line":3,"column":35}},"3":{"start":{"line":4,"column":22},"end":{"line":4,"column":42}},"4":{"start":{"line":7,"column":37},"end":{"line":64,"column":1}},"5":{"start":{"line":10,"column":4},"end":{"line":62,"column":5}},"6":{"start":{"line":12,"column":21},"end":{"line":12,"column":54}},"7":{"start":{"line":14,"column":6},"end":{"line":19,"column":7}},"8":{"start":{"line":15,"column":8},"end":{"line":18,"column":11}},"9":{"start":{"line":22,"column":33},"end":{"line":22,"column":68}},"10":{"start":{"line":24,"column":6},"end":{"line":29,"column":7}},"11":{"start":{"line":25,"column":8},"end":{"line":28,"column":11}},"12":{"start":{"line":32,"column":21},"end":{"line":32,"column":71}},"13":{"start":{"line":35,"column":30},"end":{"line":35,"column":59}},"14":{"start":{"line":38,"column":39},"end":{"line":38,"column":75}},"15":{"start":{"line":41,"column":38},"end":{"line":44,"column":7}},"16":{"start":{"line":46,"column":6},"end":{"line":53,"column":9}},"17":{"start":{"line":55,"column":6},"end":{"line":55,"column":57}},"18":{"start":{"line":56,"column":6},"end":{"line":61,"column":9}},"19":{"start":{"line":68,"column":23},"end":{"line":68,"column":48}},"20":{"start":{"line":70,"column":2},"end":{"line":94,"column":88}},"21":{"start":{"line":99,"column":2},"end":{"line":122,"column":3}},"22":{"start":{"line":102,"column":22},"end":{"line":102,"column":57}},"23":{"start":{"line":104,"column":4},"end":{"line":107,"column":5}},"24":{"start":{"line":105,"column":25},"end":{"line":105,"column":49}},"25":{"start":{"line":106,"column":6},"end":{"line":106,"column":24}},"26":{"start":{"line":110,"column":4},"end":{"line":110,"column":60}},"27":{"start":{"line":111,"column":4},"end":{"line":114,"column":6}},"28":{"start":{"line":116,"column":4},"end":{"line":116,"column":59}},"29":{"start":{"line":117,"column":4},"end":{"line":121,"column":6}},"30":{"start":{"line":127,"column":2},"end":{"line":152,"column":3}},"31":{"start":{"line":129,"column":17},"end":{"line":139,"column":6}},"32":{"start":{"line":141,"column":4},"end":{"line":143,"column":5}},"33":{"start":{"line":142,"column":6},"end":{"line":142,"column":40}},"34":{"start":{"line":146,"column":23},"end":{"line":146,"column":68}},"35":{"start":{"line":146,"column":51},"end":{"line":146,"column":61}},"36":{"start":{"line":148,"column":4},"end":{"line":148,"column":22}},"37":{"start":{"line":150,"column":4},"end":{"line":150,"column":56}},"38":{"start":{"line":151,"column":4},"end":{"line":151,"column":16}},"39":{"start":{"line":157,"column":2},"end":{"line":160,"column":3}},"40":{"start":{"line":159,"column":4},"end":{"line":159,"column":50}},"41":{"start":{"line":162,"column":2},"end":{"line":232,"column":3}},"42":{"start":{"line":163,"column":36},"end":{"line":211,"column":5}},"43":{"start":{"line":166,"column":25},"end":{"line":172,"column":10}},"44":{"start":{"line":175,"column":8},"end":{"line":185,"column":9}},"45":{"start":{"line":176,"column":10},"end":{"line":184,"column":13}},"46":{"start":{"line":179,"column":48},"end":{"line":181,"column":17}},"47":{"start":{"line":188,"column":8},"end":{"line":203,"column":9}},"48":{"start":{"line":189,"column":10},"end":{"line":202,"column":12}},"49":{"start":{"line":206,"column":8},"end":{"line":209,"column":10}},"50":{"start":{"line":214,"column":4},"end":{"line":225,"column":5}},"51":{"start":{"line":214,"column":46},"end":{"line":214,"column":60}},"52":{"start":{"line":215,"column":30},"end":{"line":219,"column":7}},"53":{"start":{"line":217,"column":50},"end":{"line":217,"column":64}},"54":{"start":{"line":218,"column":46},"end":{"line":218,"column":60}},"55":{"start":{"line":218,"column":73},"end":{"line":218,"column":77}},"56":{"start":{"line":221,"column":6},"end":{"line":224,"column":8}},"57":{"start":{"line":222,"column":49},"end":{"line":222,"column":63}},"58":{"start":{"line":227,"column":4},"end":{"line":227,"column":35}},"59":{"start":{"line":229,"column":4},"end":{"line":229,"column":61}},"60":{"start":{"line":231,"column":4},"end":{"line":231,"column":50}},"61":{"start":{"line":237,"column":2},"end":{"line":277,"column":3}},"62":{"start":{"line":238,"column":24},"end":{"line":244,"column":5}},"63":{"start":{"line":239,"column":38},"end":{"line":243,"column":7}},"64":{"start":{"line":247,"column":4},"end":{"line":251,"column":5}},"65":{"start":{"line":248,"column":6},"end":{"line":250,"column":8}},"66":{"start":{"line":253,"column":18},"end":{"line":257,"column":6}},"67":{"start":{"line":259,"column":4},"end":{"line":273,"column":8}},"68":{"start":{"line":259,"column":32},"end":{"line":273,"column":5}},"69":{"start":{"line":275,"column":4},"end":{"line":275,"column":64}},"70":{"start":{"line":276,"column":4},"end":{"line":276,"column":14}},"71":{"start":{"line":280,"column":0},"end":{"line":280,"column":46}}},"fnMap":{"0":{"name":"(anonymous_0)","decl":{"start":{"line":9,"column":22},"end":{"line":9,"column":23}},"loc":{"start":{"line":9,"column":42},"end":{"line":63,"column":3}},"line":9},"1":{"name":"createGameRecommendationPrompt","decl":{"start":{"line":67,"column":9},"end":{"line":67,"column":39}},"loc":{"start":{"line":67,"column":56},"end":{"line":95,"column":1}},"line":67},"2":{"name":"parseGeminiResponse","decl":{"start":{"line":98,"column":9},"end":{"line":98,"column":28}},"loc":{"start":{"line":98,"column":45},"end":{"line":123,"column":1}},"line":98},"3":{"name":"getUserFavoriteGenres","decl":{"start":{"line":126,"column":15},"end":{"line":126,"column":36}},"loc":{"start":{"line":126,"column":45},"end":{"line":153,"column":1}},"line":126},"4":{"name":"(anonymous_4)","decl":{"start":{"line":146,"column":40},"end":{"line":146,"column":41}},"loc":{"start":{"line":146,"column":51},"end":{"line":146,"column":61}},"line":146},"5":{"name":"enrichRecommendationsWithGameList","decl":{"start":{"line":156,"column":15},"end":{"line":156,"column":48}},"loc":{"start":{"line":156,"column":78},"end":{"line":233,"column":1}},"line":156},"6":{"name":"(anonymous_6)","decl":{"start":{"line":164,"column":26},"end":{"line":164,"column":27}},"loc":{"start":{"line":164,"column":41},"end":{"line":210,"column":7}},"line":164},"7":{"name":"(anonymous_7)","decl":{"start":{"line":179,"column":40},"end":{"line":179,"column":41}},"loc":{"start":{"line":179,"column":48},"end":{"line":181,"column":17}},"line":179},"8":{"name":"(anonymous_8)","decl":{"start":{"line":214,"column":39},"end":{"line":214,"column":40}},"loc":{"start":{"line":214,"column":46},"end":{"line":214,"column":60}},"line":214},"9":{"name":"(anonymous_9)","decl":{"start":{"line":217,"column":43},"end":{"line":217,"column":44}},"loc":{"start":{"line":217,"column":50},"end":{"line":217,"column":64}},"line":217},"10":{"name":"(anonymous_10)","decl":{"start":{"line":218,"column":39},"end":{"line":218,"column":40}},"loc":{"start":{"line":218,"column":46},"end":{"line":218,"column":60}},"line":218},"11":{"name":"(anonymous_11)","decl":{"start":{"line":218,"column":66},"end":{"line":218,"column":67}},"loc":{"start":{"line":218,"column":73},"end":{"line":218,"column":77}},"line":218},"12":{"name":"(anonymous_12)","decl":{"start":{"line":222,"column":42},"end":{"line":222,"column":43}},"loc":{"start":{"line":222,"column":49},"end":{"line":222,"column":63}},"line":222},"13":{"name":"getGamesFromDatabase","decl":{"start":{"line":236,"column":15},"end":{"line":236,"column":35}},"loc":{"start":{"line":236,"column":72},"end":{"line":278,"column":1}},"line":236},"14":{"name":"(anonymous_14)","decl":{"start":{"line":239,"column":26},"end":{"line":239,"column":27}},"loc":{"start":{"line":239,"column":38},"end":{"line":243,"column":7}},"line":239},"15":{"name":"(anonymous_15)","decl":{"start":{"line":259,"column":21},"end":{"line":259,"column":22}},"loc":{"start":{"line":259,"column":32},"end":{"line":273,"column":5}},"line":259}},"branchMap":{"0":{"loc":{"start":{"line":12,"column":21},"end":{"line":12,"column":54}},"type":"binary-expr","locations":[{"start":{"line":12,"column":21},"end":{"line":12,"column":33}},{"start":{"line":12,"column":37},"end":{"line":12,"column":54}}],"line":12},"1":{"loc":{"start":{"line":14,"column":6},"end":{"line":19,"column":7}},"type":"if","locations":[{"start":{"line":14,"column":6},"end":{"line":19,"column":7}},{"start":{},"end":{}}],"line":14},"2":{"loc":{"start":{"line":24,"column":6},"end":{"line":29,"column":7}},"type":"if","locations":[{"start":{"line":24,"column":6},"end":{"line":29,"column":7}},{"start":{},"end":{}}],"line":24},"3":{"loc":{"start":{"line":24,"column":10},"end":{"line":24,"column":64}},"type":"binary-expr","locations":[{"start":{"line":24,"column":10},"end":{"line":24,"column":29}},{"start":{"line":24,"column":33},"end":{"line":24,"column":64}}],"line":24},"4":{"loc":{"start":{"line":60,"column":10},"end":{"line":60,"column":76}},"type":"cond-expr","locations":[{"start":{"line":60,"column":51},"end":{"line":60,"column":64}},{"start":{"line":60,"column":67},"end":{"line":60,"column":76}}],"line":60},"5":{"loc":{"start":{"line":104,"column":4},"end":{"line":107,"column":5}},"type":"if","locations":[{"start":{"line":104,"column":4},"end":{"line":107,"column":5}},{"start":{},"end":{}}],"line":104},"6":{"loc":{"start":{"line":141,"column":4},"end":{"line":143,"column":5}},"type":"if","locations":[{"start":{"line":141,"column":4},"end":{"line":143,"column":5}},{"start":{},"end":{}}],"line":141},"7":{"loc":{"start":{"line":146,"column":23},"end":{"line":146,"column":68}},"type":"binary-expr","locations":[{"start":{"line":146,"column":23},"end":{"line":146,"column":62}},{"start":{"line":146,"column":66},"end":{"line":146,"column":68}}],"line":146},"8":{"loc":{"start":{"line":157,"column":2},"end":{"line":160,"column":3}},"type":"if","locations":[{"start":{"line":157,"column":2},"end":{"line":160,"column":3}},{"start":{},"end":{}}],"line":157},"9":{"loc":{"start":{"line":175,"column":8},"end":{"line":185,"column":9}},"type":"if","locations":[{"start":{"line":175,"column":8},"end":{"line":185,"column":9}},{"start":{},"end":{}}],"line":175},"10":{"loc":{"start":{"line":175,"column":12},"end":{"line":175,"column":62}},"type":"binary-expr","locations":[{"start":{"line":175,"column":12},"end":{"line":175,"column":23}},{"start":{"line":175,"column":27},"end":{"line":175,"column":37}},{"start":{"line":175,"column":41},"end":{"line":175,"column":62}}],"line":175},"11":{"loc":{"start":{"line":188,"column":8},"end":{"line":203,"column":9}},"type":"if","locations":[{"start":{"line":188,"column":8},"end":{"line":203,"column":9}},{"start":{},"end":{}}],"line":188},"12":{"loc":{"start":{"line":200,"column":20},"end":{"line":200,"column":38}},"type":"binary-expr","locations":[{"start":{"line":200,"column":20},"end":{"line":200,"column":30}},{"start":{"line":200,"column":34},"end":{"line":200,"column":38}}],"line":200},"13":{"loc":{"start":{"line":214,"column":4},"end":{"line":225,"column":5}},"type":"if","locations":[{"start":{"line":214,"column":4},"end":{"line":225,"column":5}},{"start":{},"end":{}}],"line":214},"14":{"loc":{"start":{"line":236,"column":44},"end":{"line":236,"column":53}},"type":"default-arg","locations":[{"start":{"line":236,"column":52},"end":{"line":236,"column":53}}],"line":236},"15":{"loc":{"start":{"line":236,"column":55},"end":{"line":236,"column":70}},"type":"default-arg","locations":[{"start":{"line":236,"column":68},"end":{"line":236,"column":70}}],"line":236},"16":{"loc":{"start":{"line":247,"column":4},"end":{"line":251,"column":5}},"type":"if","locations":[{"start":{"line":247,"column":4},"end":{"line":251,"column":5}},{"start":{},"end":{}}],"line":247}},"s":{"0":5,"1":5,"2":5,"3":5,"4":5,"5":16,"6":16,"7":16,"8":0,"9":16,"10":16,"11":1,"12":15,"13":15,"14":13,"15":13,"16":13,"17":2,"18":2,"19":15,"20":15,"21":13,"22":13,"23":13,"24":12,"25":11,"26":1,"27":1,"28":1,"29":1,"30":16,"31":16,"32":16,"33":0,"34":16,"35":35,"36":16,"37":0,"38":0,"39":13,"40":2,"41":11,"42":11,"43":55,"44":55,"45":37,"46":73,"47":55,"48":55,"49":0,"50":11,"51":55,"52":2,"53":1,"54":1,"55":1,"56":2,"57":1,"58":9,"59":0,"60":0,"61":4,"62":4,"63":8,"64":4,"65":1,"66":4,"67":4,"68":7,"69":0,"70":0,"71":5},"f":{"0":16,"1":15,"2":13,"3":16,"4":35,"5":13,"6":55,"7":73,"8":55,"9":1,"10":1,"11":1,"12":1,"13":4,"14":8,"15":7},"b":{"0":[16,0],"1":[0,16],"2":[1,15],"3":[16,16],"4":[0,2],"5":[12,1],"6":[0,16],"7":[16,0],"8":[2,11],"9":[37,18],"10":[55,37,37],"11":[55,0],"12":[55,0],"13":[2,9],"14":[2],"15":[2],"16":[1,3]},"_coverageSchema":"1a1c01bbd47fc00a2c39e90264f33305004495a9","hash":"1fdaa8a5369cb4651e74e21d2b03780a41596fab"}
,"D:\\hacktiv8\\phase-2\\IP\\IP-HCK84-SteamSaverPLUS\\server\\controllers\\helloController.js": {"path":"D:\\hacktiv8\\phase-2\\IP\\IP-HCK84-SteamSaverPLUS\\server\\controllers\\helloController.js","statementMap":{"0":{"start":{"line":1,"column":0},"end":{"line":5,"column":2}},"1":{"start":{"line":3,"column":4},"end":{"line":3,"column":42}}},"fnMap":{"0":{"name":"(anonymous_0)","decl":{"start":{"line":2,"column":2},"end":{"line":2,"column":3}},"loc":{"start":{"line":2,"column":28},"end":{"line":4,"column":3}},"line":2}},"branchMap":{},"s":{"0":5,"1":0},"f":{"0":0},"b":{},"_coverageSchema":"1a1c01bbd47fc00a2c39e90264f33305004495a9","hash":"c892f1b0a5f03cd68c406112c42697e011930b6b"}
,"D:\\hacktiv8\\phase-2\\IP\\IP-HCK84-SteamSaverPLUS\\server\\controllers\\pubGameListController.js": {"path":"D:\\hacktiv8\\phase-2\\IP\\IP-HCK84-SteamSaverPLUS\\server\\controllers\\pubGameListController.js","statementMap":{"0":{"start":{"line":1,"column":21},"end":{"line":1,"column":41}},"1":{"start":{"line":2,"column":15},"end":{"line":2,"column":35}},"2":{"start":{"line":4,"column":0},"end":{"line":72,"column":2}},"3":{"start":{"line":6,"column":4},"end":{"line":57,"column":5}},"4":{"start":{"line":7,"column":45},"end":{"line":7,"column":54}},"5":{"start":{"line":8,"column":27},"end":{"line":8,"column":29}},"6":{"start":{"line":9,"column":28},"end":{"line":9,"column":30}},"7":{"start":{"line":11,"column":6},"end":{"line":15,"column":7}},"8":{"start":{"line":12,"column":8},"end":{"line":14,"column":10}},"9":{"start":{"line":17,"column":6},"end":{"line":21,"column":7}},"10":{"start":{"line":18,"column":25},"end":{"line":18,"column":57}},"11":{"start":{"line":20,"column":8},"end":{"line":20,"column":57}},"12":{"start":{"line":23,"column":6},"end":{"line":28,"column":7}},"13":{"start":{"line":24,"column":8},"end":{"line":26,"column":10}},"14":{"start":{"line":27,"column":8},"end":{"line":27,"column":47}},"15":{"start":{"line":30,"column":18},"end":{"line":30,"column":20}},"16":{"start":{"line":31,"column":23},"end":{"line":31,"column":24}},"17":{"start":{"line":32,"column":6},"end":{"line":44,"column":7}},"18":{"start":{"line":33,"column":8},"end":{"line":37,"column":9}},"19":{"start":{"line":34,"column":27},"end":{"line":34,"column":46}},"20":{"start":{"line":35,"column":10},"end":{"line":35,"column":51}},"21":{"start":{"line":36,"column":10},"end":{"line":36,"column":39}},"22":{"start":{"line":39,"column":8},"end":{"line":43,"column":9}},"23":{"start":{"line":40,"column":29},"end":{"line":40,"column":50}},"24":{"start":{"line":41,"column":10},"end":{"line":41,"column":60}},"25":{"start":{"line":42,"column":10},"end":{"line":42,"column":59}},"26":{"start":{"line":46,"column":30},"end":{"line":46,"column":76}},"27":{"start":{"line":48,"column":6},"end":{"line":54,"column":9}},"28":{"start":{"line":56,"column":6},"end":{"line":56,"column":16}},"29":{"start":{"line":61,"column":4},"end":{"line":70,"column":5}},"30":{"start":{"line":62,"column":21},"end":{"line":62,"column":31}},"31":{"start":{"line":63,"column":19},"end":{"line":63,"column":46}},"32":{"start":{"line":64,"column":6},"end":{"line":66,"column":7}},"33":{"start":{"line":65,"column":8},"end":{"line":65,"column":62}},"34":{"start":{"line":67,"column":6},"end":{"line":67,"column":33}},"35":{"start":{"line":69,"column":6},"end":{"line":69,"column":16}}},"fnMap":{"0":{"name":"(anonymous_0)","decl":{"start":{"line":5,"column":2},"end":{"line":5,"column":3}},"loc":{"start":{"line":5,"column":43},"end":{"line":58,"column":3}},"line":5},"1":{"name":"(anonymous_1)","decl":{"start":{"line":60,"column":2},"end":{"line":60,"column":3}},"loc":{"start":{"line":60,"column":43},"end":{"line":71,"column":3}},"line":60}},"branchMap":{"0":{"loc":{"start":{"line":11,"column":6},"end":{"line":15,"column":7}},"type":"if","locations":[{"start":{"line":11,"column":6},"end":{"line":15,"column":7}},{"start":{},"end":{}}],"line":11},"1":{"loc":{"start":{"line":17,"column":6},"end":{"line":21,"column":7}},"type":"if","locations":[{"start":{"line":17,"column":6},"end":{"line":21,"column":7}},{"start":{},"end":{}}],"line":17},"2":{"loc":{"start":{"line":18,"column":25},"end":{"line":18,"column":57}},"type":"cond-expr","locations":[{"start":{"line":18,"column":43},"end":{"line":18,"column":49}},{"start":{"line":18,"column":52},"end":{"line":18,"column":57}}],"line":18},"3":{"loc":{"start":{"line":23,"column":6},"end":{"line":28,"column":7}},"type":"if","locations":[{"start":{"line":23,"column":6},"end":{"line":28,"column":7}},{"start":{},"end":{}}],"line":23},"4":{"loc":{"start":{"line":32,"column":6},"end":{"line":44,"column":7}},"type":"if","locations":[{"start":{"line":32,"column":6},"end":{"line":44,"column":7}},{"start":{},"end":{}}],"line":32},"5":{"loc":{"start":{"line":33,"column":8},"end":{"line":37,"column":9}},"type":"if","locations":[{"start":{"line":33,"column":8},"end":{"line":37,"column":9}},{"start":{},"end":{}}],"line":33},"6":{"loc":{"start":{"line":35,"column":18},"end":{"line":35,"column":50}},"type":"cond-expr","locations":[{"start":{"line":35,"column":35},"end":{"line":35,"column":45}},{"start":{"line":35,"column":48},"end":{"line":35,"column":50}}],"line":35},"7":{"loc":{"start":{"line":39,"column":8},"end":{"line":43,"column":9}},"type":"if","locations":[{"start":{"line":39,"column":8},"end":{"line":43,"column":9}},{"start":{},"end":{}}],"line":39},"8":{"loc":{"start":{"line":41,"column":23},"end":{"line":41,"column":59}},"type":"cond-expr","locations":[{"start":{"line":41,"column":43},"end":{"line":41,"column":55}},{"start":{"line":41,"column":58},"end":{"line":41,"column":59}}],"line":41},"9":{"loc":{"start":{"line":64,"column":6},"end":{"line":66,"column":7}},"type":"if","locations":[{"start":{"line":64,"column":6},"end":{"line":66,"column":7}},{"start":{},"end":{}}],"line":64}},"s":{"0":5,"1":5,"2":5,"3":20,"4":20,"5":20,"6":20,"7":20,"8":3,"9":20,"10":4,"11":4,"12":20,"13":6,"14":6,"15":20,"16":20,"17":20,"18":9,"19":7,"20":7,"21":7,"22":9,"23":5,"24":5,"25":5,"26":20,"27":20,"28":0,"29":4,"30":4,"31":4,"32":4,"33":1,"34":3,"35":1},"f":{"0":20,"1":4},"b":{"0":[3,17],"1":[4,16],"2":[2,2],"3":[6,14],"4":[9,11],"5":[7,2],"6":[6,1],"7":[5,4],"8":[4,1],"9":[1,3]},"_coverageSchema":"1a1c01bbd47fc00a2c39e90264f33305004495a9","hash":"c93cf425d427e451b7c04f1468a220c09b87e56d"}
,"D:\\hacktiv8\\phase-2\\IP\\IP-HCK84-SteamSaverPLUS\\server\\controllers\\userController.js": {"path":"D:\\hacktiv8\\phase-2\\IP\\IP-HCK84-SteamSaverPLUS\\server\\controllers\\userController.js","statementMap":{"0":{"start":{"line":1,"column":24},"end":{"line":1,"column":44}},"1":{"start":{"line":2,"column":28},"end":{"line":2,"column":56}},"2":{"start":{"line":3,"column":22},"end":{"line":3,"column":47}},"3":{"start":{"line":4,"column":25},"end":{"line":4,"column":55}},"4":{"start":{"line":5,"column":15},"end":{"line":5,"column":61}},"5":{"start":{"line":6,"column":15},"end":{"line":6,"column":35}},"6":{"start":{"line":8,"column":0},"end":{"line":310,"column":2}},"7":{"start":{"line":10,"column":4},"end":{"line":71,"column":5}},"8":{"start":{"line":11,"column":52},"end":{"line":11,"column":60}},"9":{"start":{"line":13,"column":6},"end":{"line":15,"column":7}},"10":{"start":{"line":14,"column":8},"end":{"line":14,"column":70}},"11":{"start":{"line":17,"column":6},"end":{"line":19,"column":7}},"12":{"start":{"line":18,"column":8},"end":{"line":18,"column":67}},"13":{"start":{"line":21,"column":6},"end":{"line":26,"column":7}},"14":{"start":{"line":22,"column":8},"end":{"line":25,"column":10}},"15":{"start":{"line":28,"column":6},"end":{"line":33,"column":7}},"16":{"start":{"line":29,"column":8},"end":{"line":32,"column":10}},"17":{"start":{"line":35,"column":27},"end":{"line":35,"column":67}},"18":{"start":{"line":36,"column":6},"end":{"line":38,"column":7}},"19":{"start":{"line":37,"column":8},"end":{"line":37,"column":73}},"20":{"start":{"line":40,"column":31},"end":{"line":40,"column":74}},"21":{"start":{"line":41,"column":6},"end":{"line":43,"column":7}},"22":{"start":{"line":42,"column":8},"end":{"line":42,"column":76}},"23":{"start":{"line":46,"column":19},"end":{"line":46,"column":67}},"24":{"start":{"line":49,"column":26},"end":{"line":53,"column":8}},"25":{"start":{"line":55,"column":6},"end":{"line":60,"column":7}},"26":{"start":{"line":56,"column":8},"end":{"line":59,"column":10}},"27":{"start":{"line":63,"column":6},"end":{"line":63,"column":35}},"28":{"start":{"line":65,"column":6},"end":{"line":68,"column":9}},"29":{"start":{"line":70,"column":6},"end":{"line":70,"column":16}},"30":{"start":{"line":75,"column":4},"end":{"line":102,"column":5}},"31":{"start":{"line":76,"column":34},"end":{"line":76,"column":42}},"32":{"start":{"line":78,"column":6},"end":{"line":80,"column":7}},"33":{"start":{"line":79,"column":8},"end":{"line":79,"column":67}},"34":{"start":{"line":81,"column":6},"end":{"line":83,"column":7}},"35":{"start":{"line":82,"column":8},"end":{"line":82,"column":70}},"36":{"start":{"line":85,"column":19},"end":{"line":87,"column":8}},"37":{"start":{"line":88,"column":6},"end":{"line":90,"column":7}},"38":{"start":{"line":89,"column":8},"end":{"line":89,"column":74}},"39":{"start":{"line":92,"column":30},"end":{"line":92,"column":70}},"40":{"start":{"line":93,"column":6},"end":{"line":95,"column":7}},"41":{"start":{"line":94,"column":8},"end":{"line":94,"column":74}},"42":{"start":{"line":97,"column":27},"end":{"line":97,"column":53}},"43":{"start":{"line":99,"column":6},"end":{"line":99,"column":45}},"44":{"start":{"line":101,"column":6},"end":{"line":101,"column":16}},"45":{"start":{"line":106,"column":4},"end":{"line":150,"column":5}},"46":{"start":{"line":107,"column":21},"end":{"line":112,"column":8}},"47":{"start":{"line":113,"column":6},"end":{"line":113,"column":37}},"48":{"start":{"line":115,"column":22},"end":{"line":115,"column":41}},"49":{"start":{"line":116,"column":6},"end":{"line":116,"column":52}},"50":{"start":{"line":117,"column":21},"end":{"line":117,"column":35}},"51":{"start":{"line":121,"column":17},"end":{"line":123,"column":8}},"52":{"start":{"line":125,"column":6},"end":{"line":142,"column":7}},"53":{"start":{"line":127,"column":8},"end":{"line":131,"column":11}},"54":{"start":{"line":134,"column":23},"end":{"line":134,"column":66}},"55":{"start":{"line":134,"column":60},"end":{"line":134,"column":65}},"56":{"start":{"line":135,"column":27},"end":{"line":135,"column":63}},"57":{"start":{"line":135,"column":43},"end":{"line":135,"column":62}},"58":{"start":{"line":136,"column":10},"end":{"line":136,"column":42}},"59":{"start":{"line":139,"column":29},"end":{"line":139,"column":47}},"60":{"start":{"line":141,"column":8},"end":{"line":141,"column":43}},"61":{"start":{"line":144,"column":27},"end":{"line":144,"column":53}},"62":{"start":{"line":146,"column":6},"end":{"line":146,"column":79}},"63":{"start":{"line":148,"column":6},"end":{"line":148,"column":46}},"64":{"start":{"line":149,"column":6},"end":{"line":149,"column":16}},"65":{"start":{"line":154,"column":4},"end":{"line":258,"column":5}},"66":{"start":{"line":155,"column":21},"end":{"line":155,"column":31}},"67":{"start":{"line":156,"column":35},"end":{"line":156,"column":43}},"68":{"start":{"line":159,"column":19},"end":{"line":159,"column":42}},"69":{"start":{"line":160,"column":6},"end":{"line":162,"column":7}},"70":{"start":{"line":161,"column":8},"end":{"line":161,"column":62}},"71":{"start":{"line":166,"column":6},"end":{"line":171,"column":7}},"72":{"start":{"line":167,"column":8},"end":{"line":170,"column":10}},"73":{"start":{"line":174,"column":6},"end":{"line":187,"column":7}},"74":{"start":{"line":176,"column":33},"end":{"line":181,"column":10}},"75":{"start":{"line":182,"column":8},"end":{"line":184,"column":9}},"76":{"start":{"line":183,"column":10},"end":{"line":183,"column":77}},"77":{"start":{"line":186,"column":8},"end":{"line":186,"column":40}},"78":{"start":{"line":190,"column":6},"end":{"line":238,"column":7}},"79":{"start":{"line":192,"column":8},"end":{"line":197,"column":9}},"80":{"start":{"line":193,"column":10},"end":{"line":196,"column":12}},"81":{"start":{"line":199,"column":8},"end":{"line":204,"column":9}},"82":{"start":{"line":200,"column":10},"end":{"line":203,"column":12}},"83":{"start":{"line":206,"column":8},"end":{"line":211,"column":9}},"84":{"start":{"line":207,"column":10},"end":{"line":210,"column":12}},"85":{"start":{"line":214,"column":30},"end":{"line":216,"column":9}},"86":{"start":{"line":215,"column":18},"end":{"line":215,"column":61}},"87":{"start":{"line":218,"column":8},"end":{"line":223,"column":9}},"88":{"start":{"line":219,"column":10},"end":{"line":222,"column":12}},"89":{"start":{"line":226,"column":28},"end":{"line":230,"column":10}},"90":{"start":{"line":232,"column":8},"end":{"line":234,"column":9}},"91":{"start":{"line":233,"column":10},"end":{"line":233,"column":78}},"92":{"start":{"line":237,"column":8},"end":{"line":237,"column":37}},"93":{"start":{"line":241,"column":26},"end":{"line":250,"column":8}},"94":{"start":{"line":252,"column":6},"end":{"line":255,"column":9}},"95":{"start":{"line":257,"column":6},"end":{"line":257,"column":16}},"96":{"start":{"line":262,"column":4},"end":{"line":308,"column":5}},"97":{"start":{"line":263,"column":21},"end":{"line":263,"column":31}},"98":{"start":{"line":266,"column":6},"end":{"line":268,"column":7}},"99":{"start":{"line":267,"column":8},"end":{"line":267,"column":65}},"100":{"start":{"line":271,"column":19},"end":{"line":280,"column":8}},"101":{"start":{"line":282,"column":6},"end":{"line":284,"column":7}},"102":{"start":{"line":283,"column":8},"end":{"line":283,"column":62}},"103":{"start":{"line":288,"column":27},"end":{"line":288,"column":67}},"104":{"start":{"line":291,"column":27},"end":{"line":298,"column":7}},"105":{"start":{"line":301,"column":6},"end":{"line":303,"column":8}},"106":{"start":{"line":302,"column":17},"end":{"line":302,"column":76}},"107":{"start":{"line":305,"column":6},"end":{"line":305,"column":41}},"108":{"start":{"line":307,"column":6},"end":{"line":307,"column":16}}},"fnMap":{"0":{"name":"(anonymous_0)","decl":{"start":{"line":9,"column":2},"end":{"line":9,"column":3}},"loc":{"start":{"line":9,"column":40},"end":{"line":72,"column":3}},"line":9},"1":{"name":"(anonymous_1)","decl":{"start":{"line":74,"column":2},"end":{"line":74,"column":3}},"loc":{"start":{"line":74,"column":37},"end":{"line":103,"column":3}},"line":74},"2":{"name":"(anonymous_2)","decl":{"start":{"line":105,"column":2},"end":{"line":105,"column":3}},"loc":{"start":{"line":105,"column":43},"end":{"line":151,"column":3}},"line":105},"3":{"name":"getRandomGenres","decl":{"start":{"line":133,"column":17},"end":{"line":133,"column":32}},"loc":{"start":{"line":133,"column":40},"end":{"line":137,"column":9}},"line":133},"4":{"name":"(anonymous_4)","decl":{"start":{"line":134,"column":50},"end":{"line":134,"column":51}},"loc":{"start":{"line":134,"column":60},"end":{"line":134,"column":65}},"line":134},"5":{"name":"(anonymous_5)","decl":{"start":{"line":135,"column":37},"end":{"line":135,"column":38}},"loc":{"start":{"line":135,"column":43},"end":{"line":135,"column":62}},"line":135},"6":{"name":"(anonymous_6)","decl":{"start":{"line":153,"column":2},"end":{"line":153,"column":3}},"loc":{"start":{"line":153,"column":42},"end":{"line":259,"column":3}},"line":153},"7":{"name":"(anonymous_7)","decl":{"start":{"line":215,"column":10},"end":{"line":215,"column":11}},"loc":{"start":{"line":215,"column":18},"end":{"line":215,"column":61}},"line":215},"8":{"name":"(anonymous_8)","decl":{"start":{"line":261,"column":2},"end":{"line":261,"column":3}},"loc":{"start":{"line":261,"column":43},"end":{"line":309,"column":3}},"line":261},"9":{"name":"(anonymous_9)","decl":{"start":{"line":302,"column":8},"end":{"line":302,"column":9}},"loc":{"start":{"line":302,"column":17},"end":{"line":302,"column":76}},"line":302}},"branchMap":{"0":{"loc":{"start":{"line":13,"column":6},"end":{"line":15,"column":7}},"type":"if","locations":[{"start":{"line":13,"column":6},"end":{"line":15,"column":7}},{"start":{},"end":{}}],"line":13},"1":{"loc":{"start":{"line":17,"column":6},"end":{"line":19,"column":7}},"type":"if","locations":[{"start":{"line":17,"column":6},"end":{"line":19,"column":7}},{"start":{},"end":{}}],"line":17},"2":{"loc":{"start":{"line":21,"column":6},"end":{"line":26,"column":7}},"type":"if","locations":[{"start":{"line":21,"column":6},"end":{"line":26,"column":7}},{"start":{},"end":{}}],"line":21},"3":{"loc":{"start":{"line":21,"column":10},"end":{"line":21,"column":55}},"type":"binary-expr","locations":[{"start":{"line":21,"column":10},"end":{"line":21,"column":32}},{"start":{"line":21,"column":36},"end":{"line":21,"column":55}}],"line":21},"4":{"loc":{"start":{"line":28,"column":6},"end":{"line":33,"column":7}},"type":"if","locations":[{"start":{"line":28,"column":6},"end":{"line":33,"column":7}},{"start":{},"end":{}}],"line":28},"5":{"loc":{"start":{"line":36,"column":6},"end":{"line":38,"column":7}},"type":"if","locations":[{"start":{"line":36,"column":6},"end":{"line":38,"column":7}},{"start":{},"end":{}}],"line":36},"6":{"loc":{"start":{"line":41,"column":6},"end":{"line":43,"column":7}},"type":"if","locations":[{"start":{"line":41,"column":6},"end":{"line":43,"column":7}},{"start":{},"end":{}}],"line":41},"7":{"loc":{"start":{"line":55,"column":6},"end":{"line":60,"column":7}},"type":"if","locations":[{"start":{"line":55,"column":6},"end":{"line":60,"column":7}},{"start":{},"end":{}}],"line":55},"8":{"loc":{"start":{"line":78,"column":6},"end":{"line":80,"column":7}},"type":"if","locations":[{"start":{"line":78,"column":6},"end":{"line":80,"column":7}},{"start":{},"end":{}}],"line":78},"9":{"loc":{"start":{"line":81,"column":6},"end":{"line":83,"column":7}},"type":"if","locations":[{"start":{"line":81,"column":6},"end":{"line":83,"column":7}},{"start":{},"end":{}}],"line":81},"10":{"loc":{"start":{"line":88,"column":6},"end":{"line":90,"column":7}},"type":"if","locations":[{"start":{"line":88,"column":6},"end":{"line":90,"column":7}},{"start":{},"end":{}}],"line":88},"11":{"loc":{"start":{"line":93,"column":6},"end":{"line":95,"column":7}},"type":"if","locations":[{"start":{"line":93,"column":6},"end":{"line":95,"column":7}},{"start":{},"end":{}}],"line":93},"12":{"loc":{"start":{"line":125,"column":6},"end":{"line":142,"column":7}},"type":"if","locations":[{"start":{"line":125,"column":6},"end":{"line":142,"column":7}},{"start":{},"end":{}}],"line":125},"13":{"loc":{"start":{"line":160,"column":6},"end":{"line":162,"column":7}},"type":"if","locations":[{"start":{"line":160,"column":6},"end":{"line":162,"column":7}},{"start":{},"end":{}}],"line":160},"14":{"loc":{"start":{"line":166,"column":6},"end":{"line":171,"column":7}},"type":"if","locations":[{"start":{"line":166,"column":6},"end":{"line":171,"column":7}},{"start":{},"end":{}}],"line":166},"15":{"loc":{"start":{"line":174,"column":6},"end":{"line":187,"column":7}},"type":"if","locations":[{"start":{"line":174,"column":6},"end":{"line":187,"column":7}},{"start":{},"end":{}}],"line":174},"16":{"loc":{"start":{"line":182,"column":8},"end":{"line":184,"column":9}},"type":"if","locations":[{"start":{"line":182,"column":8},"end":{"line":184,"column":9}},{"start":{},"end":{}}],"line":182},"17":{"loc":{"start":{"line":190,"column":6},"end":{"line":238,"column":7}},"type":"if","locations":[{"start":{"line":190,"column":6},"end":{"line":238,"column":7}},{"start":{},"end":{}}],"line":190},"18":{"loc":{"start":{"line":192,"column":8},"end":{"line":197,"column":9}},"type":"if","locations":[{"start":{"line":192,"column":8},"end":{"line":197,"column":9}},{"start":{},"end":{}}],"line":192},"19":{"loc":{"start":{"line":199,"column":8},"end":{"line":204,"column":9}},"type":"if","locations":[{"start":{"line":199,"column":8},"end":{"line":204,"column":9}},{"start":{},"end":{}}],"line":199},"20":{"loc":{"start":{"line":206,"column":8},"end":{"line":211,"column":9}},"type":"if","locations":[{"start":{"line":206,"column":8},"end":{"line":211,"column":9}},{"start":{},"end":{}}],"line":206},"21":{"loc":{"start":{"line":215,"column":18},"end":{"line":215,"column":61}},"type":"binary-expr","locations":[{"start":{"line":215,"column":18},"end":{"line":215,"column":38}},{"start":{"line":215,"column":42},"end":{"line":215,"column":49}},{"start":{"line":215,"column":53},"end":{"line":215,"column":61}}],"line":215},"22":{"loc":{"start":{"line":218,"column":8},"end":{"line":223,"column":9}},"type":"if","locations":[{"start":{"line":218,"column":8},"end":{"line":223,"column":9}},{"start":{},"end":{}}],"line":218},"23":{"loc":{"start":{"line":232,"column":8},"end":{"line":234,"column":9}},"type":"if","locations":[{"start":{"line":232,"column":8},"end":{"line":234,"column":9}},{"start":{},"end":{}}],"line":232},"24":{"loc":{"start":{"line":266,"column":6},"end":{"line":268,"column":7}},"type":"if","locations":[{"start":{"line":266,"column":6},"end":{"line":268,"column":7}},{"start":{},"end":{}}],"line":266},"25":{"loc":{"start":{"line":266,"column":10},"end":{"line":266,"column":26}},"type":"binary-expr","locations":[{"start":{"line":266,"column":10},"end":{"line":266,"column":13}},{"start":{"line":266,"column":17},"end":{"line":266,"column":26}}],"line":266},"26":{"loc":{"start":{"line":282,"column":6},"end":{"line":284,"column":7}},"type":"if","locations":[{"start":{"line":282,"column":6},"end":{"line":284,"column":7}},{"start":{},"end":{}}],"line":282},"27":{"loc":{"start":{"line":288,"column":27},"end":{"line":288,"column":67}},"type":"binary-expr","locations":[{"start":{"line":288,"column":27},"end":{"line":288,"column":35}},{"start":{"line":288,"column":39},"end":{"line":288,"column":67}}],"line":288},"28":{"loc":{"start":{"line":294,"column":15},"end":{"line":294,"column":52}},"type":"cond-expr","locations":[{"start":{"line":294,"column":30},"end":{"line":294,"column":40}},{"start":{"line":294,"column":43},"end":{"line":294,"column":52}}],"line":294},"29":{"loc":{"start":{"line":297,"column":16},"end":{"line":297,"column":33}},"type":"binary-expr","locations":[{"start":{"line":297,"column":16},"end":{"line":297,"column":27}},{"start":{"line":297,"column":31},"end":{"line":297,"column":33}}],"line":297},"30":{"loc":{"start":{"line":302,"column":17},"end":{"line":302,"column":76}},"type":"binary-expr","locations":[{"start":{"line":302,"column":17},"end":{"line":302,"column":48}},{"start":{"line":302,"column":52},"end":{"line":302,"column":76}}],"line":302}},"s":{"0":5,"1":5,"2":5,"3":5,"4":5,"5":5,"6":5,"7":11,"8":11,"9":11,"10":1,"11":10,"12":1,"13":9,"14":2,"15":7,"16":1,"17":6,"18":6,"19":1,"20":5,"21":5,"22":1,"23":4,"24":2,"25":2,"26":1,"27":1,"28":1,"29":8,"30":7,"31":7,"32":7,"33":2,"34":5,"35":2,"36":3,"37":3,"38":1,"39":2,"40":2,"41":1,"42":1,"43":1,"44":6,"45":6,"46":6,"47":4,"48":4,"49":4,"50":4,"51":4,"52":3,"53":2,"54":2,"55":36,"56":2,"57":98,"58":2,"59":2,"60":2,"61":3,"62":3,"63":3,"64":3,"65":12,"66":12,"67":12,"68":12,"69":12,"70":1,"71":11,"72":0,"73":11,"74":3,"75":3,"76":1,"77":2,"78":10,"79":9,"80":1,"81":8,"82":1,"83":7,"84":1,"85":6,"86":9,"87":6,"88":3,"89":3,"90":3,"91":0,"92":3,"93":4,"94":4,"95":8,"96":5,"97":5,"98":5,"99":2,"100":3,"101":3,"102":1,"103":2,"104":2,"105":2,"106":12,"107":2,"108":3},"f":{"0":11,"1":7,"2":6,"3":2,"4":36,"5":98,"6":12,"7":9,"8":5,"9":12},"b":{"0":[1,10],"1":[1,9],"2":[2,7],"3":[9,8],"4":[1,6],"5":[1,5],"6":[1,4],"7":[1,1],"8":[2,5],"9":[2,3],"10":[1,2],"11":[1,1],"12":[2,1],"13":[1,11],"14":[0,11],"15":[3,8],"16":[1,2],"17":[9,1],"18":[1,8],"19":[1,7],"20":[1,6],"21":[9,8,7],"22":[3,3],"23":[0,3],"24":[2,3],"25":[5,5],"26":[1,2],"27":[2,2],"28":[1,1],"29":[2,0],"30":[12,1]},"_coverageSchema":"1a1c01bbd47fc00a2c39e90264f33305004495a9","hash":"7f0e9cc40bfa8b105e08d8937f5d753863403239"}
,"D:\\hacktiv8\\phase-2\\IP\\IP-HCK84-SteamSaverPLUS\\server\\controllers\\wishListController.js": {"path":"D:\\hacktiv8\\phase-2\\IP\\IP-HCK84-SteamSaverPLUS\\server\\controllers\\wishListController.js","statementMap":{"0":{"start":{"line":1,"column":37},"end":{"line":1,"column":57}},"1":{"start":{"line":6,"column":4},"end":{"line":19,"column":5}},"2":{"start":{"line":7,"column":21},"end":{"line":7,"column":32}},"3":{"start":{"line":9,"column":30},"end":{"line":14,"column":8}},"4":{"start":{"line":16,"column":6},"end":{"line":16,"column":44}},"5":{"start":{"line":18,"column":6},"end":{"line":18,"column":16}},"6":{"start":{"line":24,"column":4},"end":{"line":51,"column":5}},"7":{"start":{"line":25,"column":21},"end":{"line":25,"column":32}},"8":{"start":{"line":26,"column":25},"end":{"line":26,"column":35}},"9":{"start":{"line":29,"column":19},"end":{"line":29,"column":50}},"10":{"start":{"line":30,"column":6},"end":{"line":30,"column":48}},"11":{"start":{"line":30,"column":17},"end":{"line":30,"column":48}},"12":{"start":{"line":33,"column":23},"end":{"line":38,"column":8}},"13":{"start":{"line":39,"column":6},"end":{"line":39,"column":56}},"14":{"start":{"line":39,"column":20},"end":{"line":39,"column":56}},"15":{"start":{"line":41,"column":26},"end":{"line":44,"column":8}},"16":{"start":{"line":46,"column":6},"end":{"line":48,"column":76}},"17":{"start":{"line":50,"column":6},"end":{"line":50,"column":16}},"18":{"start":{"line":56,"column":4},"end":{"line":82,"column":5}},"19":{"start":{"line":57,"column":21},"end":{"line":57,"column":32}},"20":{"start":{"line":58,"column":25},"end":{"line":58,"column":35}},"21":{"start":{"line":63,"column":20},"end":{"line":68,"column":8}},"22":{"start":{"line":70,"column":6},"end":{"line":70,"column":50}},"23":{"start":{"line":70,"column":18},"end":{"line":70,"column":50}},"24":{"start":{"line":72,"column":6},"end":{"line":77,"column":9}},"25":{"start":{"line":79,"column":6},"end":{"line":79,"column":70}},"26":{"start":{"line":81,"column":6},"end":{"line":81,"column":16}},"27":{"start":{"line":86,"column":0},"end":{"line":86,"column":36}}},"fnMap":{"0":{"name":"(anonymous_0)","decl":{"start":{"line":5,"column":2},"end":{"line":5,"column":3}},"loc":{"start":{"line":5,"column":39},"end":{"line":20,"column":3}},"line":5},"1":{"name":"(anonymous_1)","decl":{"start":{"line":23,"column":2},"end":{"line":23,"column":3}},"loc":{"start":{"line":23,"column":35},"end":{"line":52,"column":3}},"line":23},"2":{"name":"(anonymous_2)","decl":{"start":{"line":55,"column":2},"end":{"line":55,"column":3}},"loc":{"start":{"line":55,"column":38},"end":{"line":83,"column":3}},"line":55}},"branchMap":{"0":{"loc":{"start":{"line":30,"column":6},"end":{"line":30,"column":48}},"type":"if","locations":[{"start":{"line":30,"column":6},"end":{"line":30,"column":48}},{"start":{},"end":{}}],"line":30},"1":{"loc":{"start":{"line":39,"column":6},"end":{"line":39,"column":56}},"type":"if","locations":[{"start":{"line":39,"column":6},"end":{"line":39,"column":56}},{"start":{},"end":{}}],"line":39},"2":{"loc":{"start":{"line":70,"column":6},"end":{"line":70,"column":50}},"type":"if","locations":[{"start":{"line":70,"column":6},"end":{"line":70,"column":50}},{"start":{},"end":{}}],"line":70}},"s":{"0":5,"1":8,"2":8,"3":8,"4":8,"5":0,"6":11,"7":11,"8":11,"9":11,"10":11,"11":1,"12":10,"13":10,"14":2,"15":8,"16":8,"17":3,"18":4,"19":4,"20":4,"21":4,"22":4,"23":2,"24":2,"25":2,"26":2,"27":5},"f":{"0":8,"1":11,"2":4},"b":{"0":[1,10],"1":[2,8],"2":[2,2]},"_coverageSchema":"1a1c01bbd47fc00a2c39e90264f33305004495a9","hash":"aa4c9ed9286316851c2b6ab1289964f132106c17"}
,"D:\\hacktiv8\\phase-2\\IP\\IP-HCK84-SteamSaverPLUS\\server\\helpers\\bcrypt.js": {"path":"D:\\hacktiv8\\phase-2\\IP\\IP-HCK84-SteamSaverPLUS\\server\\helpers\\bcrypt.js","statementMap":{"0":{"start":{"line":1,"column":15},"end":{"line":1,"column":34}},"1":{"start":{"line":3,"column":21},"end":{"line":6,"column":1}},"2":{"start":{"line":4,"column":15},"end":{"line":4,"column":37}},"3":{"start":{"line":5,"column":2},"end":{"line":5,"column":41}},"4":{"start":{"line":8,"column":24},"end":{"line":10,"column":1}},"5":{"start":{"line":9,"column":2},"end":{"line":9,"column":54}},"6":{"start":{"line":12,"column":0},"end":{"line":15,"column":2}}},"fnMap":{"0":{"name":"(anonymous_0)","decl":{"start":{"line":3,"column":21},"end":{"line":3,"column":22}},"loc":{"start":{"line":3,"column":35},"end":{"line":6,"column":1}},"line":3},"1":{"name":"(anonymous_1)","decl":{"start":{"line":8,"column":24},"end":{"line":8,"column":25}},"loc":{"start":{"line":8,"column":54},"end":{"line":10,"column":1}},"line":8}},"branchMap":{},"s":{"0":5,"1":5,"2":52,"3":52,"4":5,"5":2,"6":5},"f":{"0":52,"1":2},"b":{},"_coverageSchema":"1a1c01bbd47fc00a2c39e90264f33305004495a9","hash":"3a7aa1f08c324d41c518bb077cff399d860ab6c5"}
,"D:\\hacktiv8\\phase-2\\IP\\IP-HCK84-SteamSaverPLUS\\server\\helpers\\gemini.js": {"path":"D:\\hacktiv8\\phase-2\\IP\\IP-HCK84-SteamSaverPLUS\\server\\helpers\\gemini.js","statementMap":{"0":{"start":{"line":1,"column":31},"end":{"line":1,"column":63}},"1":{"start":{"line":4,"column":27},"end":{"line":4,"column":38}},"2":{"start":{"line":5,"column":14},"end":{"line":5,"column":52}},"3":{"start":{"line":9,"column":2},"end":{"line":22,"column":3}},"4":{"start":{"line":11,"column":18},"end":{"line":11,"column":64}},"5":{"start":{"line":14,"column":19},"end":{"line":14,"column":54}},"6":{"start":{"line":15,"column":21},"end":{"line":15,"column":42}},"7":{"start":{"line":16,"column":17},"end":{"line":16,"column":32}},"8":{"start":{"line":18,"column":4},"end":{"line":18,"column":16}},"9":{"start":{"line":20,"column":4},"end":{"line":20,"column":46}},"10":{"start":{"line":21,"column":4},"end":{"line":21,"column":16}},"11":{"start":{"line":29,"column":0},"end":{"line":31,"column":2}}},"fnMap":{"0":{"name":"generateContent","decl":{"start":{"line":7,"column":15},"end":{"line":7,"column":30}},"loc":{"start":{"line":7,"column":71},"end":{"line":23,"column":1}},"line":7}},"branchMap":{"0":{"loc":{"start":{"line":7,"column":39},"end":{"line":7,"column":69}},"type":"default-arg","locations":[{"start":{"line":7,"column":51},"end":{"line":7,"column":69}}],"line":7}},"s":{"0":5,"1":5,"2":5,"3":0,"4":0,"5":0,"6":0,"7":0,"8":0,"9":0,"10":0,"11":5},"f":{"0":0},"b":{"0":[0]},"_coverageSchema":"1a1c01bbd47fc00a2c39e90264f33305004495a9","hash":"bcc7e54d49d3e6c19ca063af49d229c199d7240e"}
,"D:\\hacktiv8\\phase-2\\IP\\IP-HCK84-SteamSaverPLUS\\server\\helpers\\jwt.js": {"path":"D:\\hacktiv8\\phase-2\\IP\\IP-HCK84-SteamSaverPLUS\\server\\helpers\\jwt.js","statementMap":{"0":{"start":{"line":1,"column":12},"end":{"line":1,"column":35}},"1":{"start":{"line":3,"column":19},"end":{"line":3,"column":41}},"2":{"start":{"line":5,"column":18},"end":{"line":7,"column":1}},"3":{"start":{"line":6,"column":2},"end":{"line":6,"column":35}},"4":{"start":{"line":9,"column":20},"end":{"line":11,"column":1}},"5":{"start":{"line":10,"column":2},"end":{"line":10,"column":39}},"6":{"start":{"line":13,"column":0},"end":{"line":16,"column":2}}},"fnMap":{"0":{"name":"(anonymous_0)","decl":{"start":{"line":5,"column":18},"end":{"line":5,"column":19}},"loc":{"start":{"line":5,"column":27},"end":{"line":7,"column":1}},"line":5},"1":{"name":"(anonymous_1)","decl":{"start":{"line":9,"column":20},"end":{"line":9,"column":21}},"loc":{"start":{"line":9,"column":31},"end":{"line":11,"column":1}},"line":9}},"branchMap":{},"s":{"0":5,"1":5,"2":5,"3":57,"4":5,"5":78,"6":5},"f":{"0":57,"1":78},"b":{},"_coverageSchema":"1a1c01bbd47fc00a2c39e90264f33305004495a9","hash":"c1f15c80318a67aff473f365bbda564ed4a073a0"}
,"D:\\hacktiv8\\phase-2\\IP\\IP-HCK84-SteamSaverPLUS\\server\\middlewares\\authentication.js": {"path":"D:\\hacktiv8\\phase-2\\IP\\IP-HCK84-SteamSaverPLUS\\server\\middlewares\\authentication.js","statementMap":{"0":{"start":{"line":1,"column":24},"end":{"line":1,"column":49}},"1":{"start":{"line":2,"column":17},"end":{"line":2,"column":37}},"2":{"start":{"line":5,"column":2},"end":{"line":33,"column":3}},"3":{"start":{"line":6,"column":30},"end":{"line":6,"column":41}},"4":{"start":{"line":8,"column":4},"end":{"line":10,"column":5}},"5":{"start":{"line":9,"column":6},"end":{"line":9,"column":63}},"6":{"start":{"line":12,"column":21},"end":{"line":12,"column":45}},"7":{"start":{"line":13,"column":22},"end":{"line":13,"column":33}},"8":{"start":{"line":14,"column":23},"end":{"line":14,"column":34}},"9":{"start":{"line":16,"column":4},"end":{"line":18,"column":5}},"10":{"start":{"line":17,"column":6},"end":{"line":17,"column":63}},"11":{"start":{"line":20,"column":19},"end":{"line":20,"column":42}},"12":{"start":{"line":22,"column":17},"end":{"line":22,"column":47}},"13":{"start":{"line":24,"column":4},"end":{"line":26,"column":5}},"14":{"start":{"line":25,"column":6},"end":{"line":25,"column":63}},"15":{"start":{"line":28,"column":4},"end":{"line":28,"column":20}},"16":{"start":{"line":30,"column":4},"end":{"line":30,"column":11}},"17":{"start":{"line":32,"column":4},"end":{"line":32,"column":14}},"18":{"start":{"line":36,"column":0},"end":{"line":36,"column":32}}},"fnMap":{"0":{"name":"authentication","decl":{"start":{"line":4,"column":15},"end":{"line":4,"column":29}},"loc":{"start":{"line":4,"column":46},"end":{"line":34,"column":1}},"line":4}},"branchMap":{"0":{"loc":{"start":{"line":8,"column":4},"end":{"line":10,"column":5}},"type":"if","locations":[{"start":{"line":8,"column":4},"end":{"line":10,"column":5}},{"start":{},"end":{}}],"line":8},"1":{"loc":{"start":{"line":16,"column":4},"end":{"line":18,"column":5}},"type":"if","locations":[{"start":{"line":16,"column":4},"end":{"line":18,"column":5}},{"start":{},"end":{}}],"line":16},"2":{"loc":{"start":{"line":16,"column":8},"end":{"line":16,"column":45}},"type":"binary-expr","locations":[{"start":{"line":16,"column":8},"end":{"line":16,"column":30}},{"start":{"line":16,"column":34},"end":{"line":16,"column":45}}],"line":16},"3":{"loc":{"start":{"line":24,"column":4},"end":{"line":26,"column":5}},"type":"if","locations":[{"start":{"line":24,"column":4},"end":{"line":26,"column":5}},{"start":{},"end":{}}],"line":24}},"s":{"0":5,"1":5,"2":89,"3":89,"4":89,"5":9,"6":80,"7":80,"8":80,"9":80,"10":2,"11":78,"12":72,"13":72,"14":1,"15":71,"16":71,"17":18,"18":5},"f":{"0":89},"b":{"0":[9,80],"1":[2,78],"2":[80,79],"3":[1,71]},"_coverageSchema":"1a1c01bbd47fc00a2c39e90264f33305004495a9","hash":"ff94ffe6f4322bc9fd24df3e28c6b9419bb56e00"}
,"D:\\hacktiv8\\phase-2\\IP\\IP-HCK84-SteamSaverPLUS\\server\\middlewares\\errorHandler.js": {"path":"D:\\hacktiv8\\phase-2\\IP\\IP-HCK84-SteamSaverPLUS\\server\\middlewares\\errorHandler.js","statementMap":{"0":{"start":{"line":2,"column":2},"end":{"line":2,"column":47}},"1":{"start":{"line":3,"column":2},"end":{"line":3,"column":39}},"2":{"start":{"line":4,"column":2},"end":{"line":4,"column":29}},"3":{"start":{"line":6,"column":2},"end":{"line":40,"column":3}},"4":{"start":{"line":9,"column":6},"end":{"line":9,"column":63}},"5":{"start":{"line":10,"column":6},"end":{"line":10,"column":12}},"6":{"start":{"line":12,"column":6},"end":{"line":12,"column":53}},"7":{"start":{"line":13,"column":6},"end":{"line":13,"column":12}},"8":{"start":{"line":15,"column":6},"end":{"line":15,"column":53}},"9":{"start":{"line":16,"column":6},"end":{"line":16,"column":12}},"10":{"start":{"line":18,"column":6},"end":{"line":18,"column":57}},"11":{"start":{"line":19,"column":6},"end":{"line":19,"column":12}},"12":{"start":{"line":23,"column":6},"end":{"line":23,"column":17}},"13":{"start":{"line":24,"column":6},"end":{"line":24,"column":52}},"14":{"start":{"line":25,"column":6},"end":{"line":25,"column":40}},"15":{"start":{"line":26,"column":6},"end":{"line":26,"column":12}},"16":{"start":{"line":28,"column":6},"end":{"line":28,"column":17}},"17":{"start":{"line":29,"column":6},"end":{"line":29,"column":77}},"18":{"start":{"line":30,"column":6},"end":{"line":30,"column":40}},"19":{"start":{"line":31,"column":6},"end":{"line":31,"column":12}},"20":{"start":{"line":33,"column":6},"end":{"line":33,"column":17}},"21":{"start":{"line":34,"column":6},"end":{"line":34,"column":45}},"22":{"start":{"line":35,"column":6},"end":{"line":35,"column":40}},"23":{"start":{"line":36,"column":6},"end":{"line":36,"column":12}},"24":{"start":{"line":38,"column":6},"end":{"line":38,"column":65}},"25":{"start":{"line":39,"column":6},"end":{"line":39,"column":12}},"26":{"start":{"line":43,"column":0},"end":{"line":43,"column":30}}},"fnMap":{"0":{"name":"errorHandler","decl":{"start":{"line":1,"column":9},"end":{"line":1,"column":21}},"loc":{"start":{"line":1,"column":43},"end":{"line":41,"column":1}},"line":1}},"branchMap":{"0":{"loc":{"start":{"line":6,"column":2},"end":{"line":40,"column":3}},"type":"switch","locations":[{"start":{"line":7,"column":4},"end":{"line":7,"column":36}},{"start":{"line":8,"column":4},"end":{"line":10,"column":12}},{"start":{"line":11,"column":4},"end":{"line":13,"column":12}},{"start":{"line":14,"column":4},"end":{"line":16,"column":12}},{"start":{"line":17,"column":4},"end":{"line":19,"column":12}},{"start":{"line":20,"column":4},"end":{"line":20,"column":24}},{"start":{"line":21,"column":4},"end":{"line":21,"column":25}},{"start":{"line":22,"column":4},"end":{"line":26,"column":12}},{"start":{"line":27,"column":4},"end":{"line":31,"column":12}},{"start":{"line":32,"column":4},"end":{"line":36,"column":12}},{"start":{"line":37,"column":4},"end":{"line":39,"column":12}}],"line":6},"1":{"loc":{"start":{"line":24,"column":16},"end":{"line":24,"column":51}},"type":"binary-expr","locations":[{"start":{"line":24,"column":16},"end":{"line":24,"column":27}},{"start":{"line":24,"column":31},"end":{"line":24,"column":51}}],"line":24},"2":{"loc":{"start":{"line":29,"column":16},"end":{"line":29,"column":76}},"type":"binary-expr","locations":[{"start":{"line":29,"column":16},"end":{"line":29,"column":27}},{"start":{"line":29,"column":31},"end":{"line":29,"column":76}}],"line":29},"3":{"loc":{"start":{"line":34,"column":16},"end":{"line":34,"column":44}},"type":"binary-expr","locations":[{"start":{"line":34,"column":16},"end":{"line":34,"column":27}},{"start":{"line":34,"column":31},"end":{"line":34,"column":44}}],"line":34}},"s":{"0":56,"1":56,"2":56,"3":56,"4":3,"5":3,"6":0,"7":0,"8":14,"9":14,"10":6,"11":6,"12":9,"13":9,"14":9,"15":9,"16":2,"17":2,"18":2,"19":2,"20":19,"21":19,"22":19,"23":19,"24":3,"25":3,"26":5},"f":{"0":56},"b":{"0":[3,3,0,14,6,1,3,9,2,19,3],"1":[9,3],"2":[2,2],"3":[19,0]},"_coverageSchema":"1a1c01bbd47fc00a2c39e90264f33305004495a9","hash":"44c0475d20cdf911fdf7de179a5a1f0cda373fdd"}
,"D:\\hacktiv8\\phase-2\\IP\\IP-HCK84-SteamSaverPLUS\\server\\models\\gamelist.js": {"path":"D:\\hacktiv8\\phase-2\\IP\\IP-HCK84-SteamSaverPLUS\\server\\models\\gamelist.js","statementMap":{"0":{"start":{"line":2,"column":18},"end":{"line":2,"column":38}},"1":{"start":{"line":3,"column":0},"end":{"line":43,"column":2}},"2":{"start":{"line":6,"column":6},"end":{"line":6,"column":72}},"3":{"start":{"line":9,"column":2},"end":{"line":41,"column":4}},"4":{"start":{"line":42,"column":2},"end":{"line":42,"column":18}}},"fnMap":{"0":{"name":"(anonymous_0)","decl":{"start":{"line":3,"column":17},"end":{"line":3,"column":18}},"loc":{"start":{"line":3,"column":43},"end":{"line":43,"column":1}},"line":3},"1":{"name":"(anonymous_1)","decl":{"start":{"line":5,"column":4},"end":{"line":5,"column":5}},"loc":{"start":{"line":5,"column":29},"end":{"line":7,"column":5}},"line":5}},"branchMap":{},"s":{"0":5,"1":5,"2":5,"3":5,"4":5},"f":{"0":5,"1":5},"b":{},"_coverageSchema":"1a1c01bbd47fc00a2c39e90264f33305004495a9","hash":"de3f97adc6315195ab7e7d92a764e075a53c6eb3"}
,"D:\\hacktiv8\\phase-2\\IP\\IP-HCK84-SteamSaverPLUS\\server\\models\\genre.js": {"path":"D:\\hacktiv8\\phase-2\\IP\\IP-HCK84-SteamSaverPLUS\\server\\models\\genre.js","statementMap":{"0":{"start":{"line":2,"column":18},"end":{"line":2,"column":38}},"1":{"start":{"line":4,"column":0},"end":{"line":32,"column":2}},"2":{"start":{"line":8,"column":6},"end":{"line":12,"column":9}},"3":{"start":{"line":16,"column":2},"end":{"line":29,"column":4}},"4":{"start":{"line":31,"column":2},"end":{"line":31,"column":15}}},"fnMap":{"0":{"name":"(anonymous_0)","decl":{"start":{"line":4,"column":17},"end":{"line":4,"column":18}},"loc":{"start":{"line":4,"column":43},"end":{"line":32,"column":1}},"line":4},"1":{"name":"(anonymous_1)","decl":{"start":{"line":6,"column":4},"end":{"line":6,"column":5}},"loc":{"start":{"line":6,"column":29},"end":{"line":13,"column":5}},"line":6}},"branchMap":{},"s":{"0":5,"1":5,"2":5,"3":5,"4":5},"f":{"0":5,"1":5},"b":{},"_coverageSchema":"1a1c01bbd47fc00a2c39e90264f33305004495a9","hash":"ff1aaa0e4cbf2a11727c91e1e4e68a599f119824"}
,"D:\\hacktiv8\\phase-2\\IP\\IP-HCK84-SteamSaverPLUS\\server\\models\\index.js": {"path":"D:\\hacktiv8\\phase-2\\IP\\IP-HCK84-SteamSaverPLUS\\server\\models\\index.js","statementMap":{"0":{"start":{"line":3,"column":11},"end":{"line":3,"column":24}},"1":{"start":{"line":4,"column":13},"end":{"line":4,"column":28}},"2":{"start":{"line":5,"column":18},"end":{"line":5,"column":38}},"3":{"start":{"line":6,"column":16},"end":{"line":6,"column":34}},"4":{"start":{"line":7,"column":17},"end":{"line":7,"column":42}},"5":{"start":{"line":8,"column":12},"end":{"line":8,"column":49}},"6":{"start":{"line":9,"column":15},"end":{"line":9,"column":65}},"7":{"start":{"line":10,"column":11},"end":{"line":10,"column":13}},"8":{"start":{"line":13,"column":0},"end":{"line":17,"column":1}},"9":{"start":{"line":14,"column":2},"end":{"line":14,"column":74}},"10":{"start":{"line":16,"column":2},"end":{"line":16,"column":87}},"11":{"start":{"line":19,"column":0},"end":{"line":32,"column":5}},"12":{"start":{"line":22,"column":4},"end":{"line":27,"column":6}},"13":{"start":{"line":30,"column":18},"end":{"line":30,"column":85}},"14":{"start":{"line":31,"column":4},"end":{"line":31,"column":27}},"15":{"start":{"line":34,"column":0},"end":{"line":38,"column":3}},"16":{"start":{"line":35,"column":2},"end":{"line":37,"column":3}},"17":{"start":{"line":36,"column":4},"end":{"line":36,"column":32}},"18":{"start":{"line":40,"column":0},"end":{"line":40,"column":25}},"19":{"start":{"line":41,"column":0},"end":{"line":41,"column":25}},"20":{"start":{"line":43,"column":0},"end":{"line":43,"column":20}}},"fnMap":{"0":{"name":"(anonymous_0)","decl":{"start":{"line":21,"column":10},"end":{"line":21,"column":11}},"loc":{"start":{"line":21,"column":18},"end":{"line":28,"column":3}},"line":21},"1":{"name":"(anonymous_1)","decl":{"start":{"line":29,"column":11},"end":{"line":29,"column":12}},"loc":{"start":{"line":29,"column":19},"end":{"line":32,"column":3}},"line":29},"2":{"name":"(anonymous_2)","decl":{"start":{"line":34,"column":24},"end":{"line":34,"column":25}},"loc":{"start":{"line":34,"column":37},"end":{"line":38,"column":1}},"line":34}},"branchMap":{"0":{"loc":{"start":{"line":8,"column":12},"end":{"line":8,"column":49}},"type":"binary-expr","locations":[{"start":{"line":8,"column":12},"end":{"line":8,"column":32}},{"start":{"line":8,"column":36},"end":{"line":8,"column":49}}],"line":8},"1":{"loc":{"start":{"line":13,"column":0},"end":{"line":17,"column":1}},"type":"if","locations":[{"start":{"line":13,"column":0},"end":{"line":17,"column":1}},{"start":{"line":15,"column":7},"end":{"line":17,"column":1}}],"line":13},"2":{"loc":{"start":{"line":23,"column":6},"end":{"line":26,"column":37}},"type":"binary-expr","locations":[{"start":{"line":23,"column":6},"end":{"line":23,"column":29}},{"start":{"line":24,"column":6},"end":{"line":24,"column":23}},{"start":{"line":25,"column":6},"end":{"line":25,"column":30}},{"start":{"line":26,"column":6},"end":{"line":26,"column":37}}],"line":23},"3":{"loc":{"start":{"line":35,"column":2},"end":{"line":37,"column":3}},"type":"if","locations":[{"start":{"line":35,"column":2},"end":{"line":37,"column":3}},{"start":{},"end":{}}],"line":35}},"s":{"0":5,"1":5,"2":5,"3":5,"4":5,"5":5,"6":5,"7":5,"8":5,"9":0,"10":5,"11":5,"12":25,"13":20,"14":20,"15":5,"16":20,"17":20,"18":5,"19":5,"20":5},"f":{"0":25,"1":20,"2":20},"b":{"0":[5,0],"1":[0,5],"2":[25,25,20,20],"3":[20,0]},"_coverageSchema":"1a1c01bbd47fc00a2c39e90264f33305004495a9","hash":"a0e8c1b19d118898adeb5349cb8941116a84b289"}
,"D:\\hacktiv8\\phase-2\\IP\\IP-HCK84-SteamSaverPLUS\\server\\models\\user.js": {"path":"D:\\hacktiv8\\phase-2\\IP\\IP-HCK84-SteamSaverPLUS\\server\\models\\user.js","statementMap":{"0":{"start":{"line":2,"column":18},"end":{"line":2,"column":38}},"1":{"start":{"line":3,"column":25},"end":{"line":3,"column":53}},"2":{"start":{"line":5,"column":0},"end":{"line":84,"column":2}},"3":{"start":{"line":8,"column":6},"end":{"line":8,"column":72}},"4":{"start":{"line":9,"column":6},"end":{"line":13,"column":9}},"5":{"start":{"line":17,"column":2},"end":{"line":81,"column":4}},"6":{"start":{"line":72,"column":10},"end":{"line":72,"column":54}},"7":{"start":{"line":75,"column":10},"end":{"line":77,"column":11}},"8":{"start":{"line":76,"column":12},"end":{"line":76,"column":56}},"9":{"start":{"line":83,"column":2},"end":{"line":83,"column":14}}},"fnMap":{"0":{"name":"(anonymous_0)","decl":{"start":{"line":5,"column":17},"end":{"line":5,"column":18}},"loc":{"start":{"line":5,"column":43},"end":{"line":84,"column":1}},"line":5},"1":{"name":"(anonymous_1)","decl":{"start":{"line":7,"column":4},"end":{"line":7,"column":5}},"loc":{"start":{"line":7,"column":29},"end":{"line":14,"column":5}},"line":7},"2":{"name":"(anonymous_2)","decl":{"start":{"line":71,"column":8},"end":{"line":71,"column":9}},"loc":{"start":{"line":71,"column":27},"end":{"line":73,"column":9}},"line":71},"3":{"name":"(anonymous_3)","decl":{"start":{"line":74,"column":8},"end":{"line":74,"column":9}},"loc":{"start":{"line":74,"column":27},"end":{"line":78,"column":9}},"line":74}},"branchMap":{"0":{"loc":{"start":{"line":75,"column":10},"end":{"line":77,"column":11}},"type":"if","locations":[{"start":{"line":75,"column":10},"end":{"line":77,"column":11}},{"start":{},"end":{}}],"line":75}},"s":{"0":5,"1":5,"2":5,"3":5,"4":5,"5":5,"6":52,"7":2,"8":0,"9":5},"f":{"0":5,"1":5,"2":52,"3":2},"b":{"0":[0,2]},"_coverageSchema":"1a1c01bbd47fc00a2c39e90264f33305004495a9","hash":"aaf4ffe6695a6aa60e3ec57e43dc7bc828f86bd3"}
,"D:\\hacktiv8\\phase-2\\IP\\IP-HCK84-SteamSaverPLUS\\server\\models\\wishlist.js": {"path":"D:\\hacktiv8\\phase-2\\IP\\IP-HCK84-SteamSaverPLUS\\server\\models\\wishlist.js","statementMap":{"0":{"start":{"line":2,"column":18},"end":{"line":2,"column":38}},"1":{"start":{"line":3,"column":0},"end":{"line":21,"column":2}},"2":{"start":{"line":6,"column":6},"end":{"line":6,"column":38}},"3":{"start":{"line":7,"column":6},"end":{"line":7,"column":42}},"4":{"start":{"line":10,"column":2},"end":{"line":19,"column":4}},"5":{"start":{"line":20,"column":2},"end":{"line":20,"column":18}}},"fnMap":{"0":{"name":"(anonymous_0)","decl":{"start":{"line":3,"column":17},"end":{"line":3,"column":18}},"loc":{"start":{"line":3,"column":43},"end":{"line":21,"column":1}},"line":3},"1":{"name":"(anonymous_1)","decl":{"start":{"line":5,"column":4},"end":{"line":5,"column":5}},"loc":{"start":{"line":5,"column":29},"end":{"line":8,"column":5}},"line":5}},"branchMap":{},"s":{"0":5,"1":5,"2":5,"3":5,"4":5,"5":5},"f":{"0":5,"1":5},"b":{},"_coverageSchema":"1a1c01bbd47fc00a2c39e90264f33305004495a9","hash":"2392010bfb5c9a7a274888eb6a0c2cf767ad9bb5"}
,"D:\\hacktiv8\\phase-2\\IP\\IP-HCK84-SteamSaverPLUS\\server\\routes\\auth.js": {"path":"D:\\hacktiv8\\phase-2\\IP\\IP-HCK84-SteamSaverPLUS\\server\\routes\\auth.js","statementMap":{"0":{"start":{"line":1,"column":16},"end":{"line":1,"column":34}},"1":{"start":{"line":2,"column":15},"end":{"line":2,"column":31}},"2":{"start":{"line":3,"column":23},"end":{"line":3,"column":63}},"3":{"start":{"line":4,"column":23},"end":{"line":4,"column":63}},"4":{"start":{"line":6,"column":0},"end":{"line":6,"column":50}},"5":{"start":{"line":7,"column":0},"end":{"line":7,"column":44}},"6":{"start":{"line":8,"column":0},"end":{"line":8,"column":57}},"7":{"start":{"line":9,"column":0},"end":{"line":9,"column":68}},"8":{"start":{"line":10,"column":0},"end":{"line":10,"column":69}},"9":{"start":{"line":13,"column":0},"end":{"line":13,"column":24}}},"fnMap":{},"branchMap":{},"s":{"0":5,"1":5,"2":5,"3":5,"4":5,"5":5,"6":5,"7":5,"8":5,"9":5},"f":{},"b":{},"_coverageSchema":"1a1c01bbd47fc00a2c39e90264f33305004495a9","hash":"edc2a5af539ec3c02f595aeb84b18c76883760d3"}
,"D:\\hacktiv8\\phase-2\\IP\\IP-HCK84-SteamSaverPLUS\\server\\routes\\gameList.js": {"path":"D:\\hacktiv8\\phase-2\\IP\\IP-HCK84-SteamSaverPLUS\\server\\routes\\gameList.js","statementMap":{"0":{"start":{"line":1,"column":16},"end":{"line":1,"column":34}},"1":{"start":{"line":2,"column":27},"end":{"line":2,"column":71}},"2":{"start":{"line":3,"column":15},"end":{"line":3,"column":31}},"3":{"start":{"line":4,"column":23},"end":{"line":4,"column":63}},"4":{"start":{"line":6,"column":0},"end":{"line":6,"column":55}},"5":{"start":{"line":7,"column":0},"end":{"line":7,"column":27}},"6":{"start":{"line":8,"column":0},"end":{"line":8,"column":48}},"7":{"start":{"line":9,"column":0},"end":{"line":9,"column":51}},"8":{"start":{"line":10,"column":0},"end":{"line":10,"column":64}},"9":{"start":{"line":11,"column":0},"end":{"line":11,"column":66}},"10":{"start":{"line":12,"column":0},"end":{"line":12,"column":69}},"11":{"start":{"line":14,"column":0},"end":{"line":14,"column":24}}},"fnMap":{},"branchMap":{},"s":{"0":5,"1":5,"2":5,"3":5,"4":5,"5":5,"6":5,"7":5,"8":5,"9":5,"10":5,"11":5},"f":{},"b":{},"_coverageSchema":"1a1c01bbd47fc00a2c39e90264f33305004495a9","hash":"b887328581f424e2b54ed926bf5af95c7759f30b"}
,"D:\\hacktiv8\\phase-2\\IP\\IP-HCK84-SteamSaverPLUS\\server\\routes\\index.js": {"path":"D:\\hacktiv8\\phase-2\\IP\\IP-HCK84-SteamSaverPLUS\\server\\routes\\index.js","statementMap":{"0":{"start":{"line":1,"column":16},"end":{"line":1,"column":34}},"1":{"start":{"line":2,"column":15},"end":{"line":2,"column":31}},"2":{"start":{"line":3,"column":24},"end":{"line":3,"column":65}},"3":{"start":{"line":4,"column":19},"end":{"line":4,"column":36}},"4":{"start":{"line":5,"column":23},"end":{"line":5,"column":44}},"5":{"start":{"line":6,"column":26},"end":{"line":6,"column":45}},"6":{"start":{"line":7,"column":23},"end":{"line":7,"column":44}},"7":{"start":{"line":8,"column":29},"end":{"line":8,"column":45}},"8":{"start":{"line":10,"column":0},"end":{"line":10,"column":42}},"9":{"start":{"line":12,"column":0},"end":{"line":12,"column":28}},"10":{"start":{"line":13,"column":0},"end":{"line":13,"column":37}},"11":{"start":{"line":14,"column":0},"end":{"line":14,"column":44}},"12":{"start":{"line":15,"column":0},"end":{"line":15,"column":40}},"13":{"start":{"line":16,"column":0},"end":{"line":16,"column":53}},"14":{"start":{"line":18,"column":0},"end":{"line":18,"column":24}}},"fnMap":{},"branchMap":{},"s":{"0":5,"1":5,"2":5,"3":5,"4":5,"5":5,"6":5,"7":5,"8":5,"9":5,"10":5,"11":5,"12":5,"13":5,"14":5},"f":{},"b":{},"_coverageSchema":"1a1c01bbd47fc00a2c39e90264f33305004495a9","hash":"1dc1770ebc56635230176f3dc0676d830dccc54b"}
,"D:\\hacktiv8\\phase-2\\IP\\IP-HCK84-SteamSaverPLUS\\server\\routes\\public.js": {"path":"D:\\hacktiv8\\phase-2\\IP\\IP-HCK84-SteamSaverPLUS\\server\\routes\\public.js","statementMap":{"0":{"start":{"line":1,"column":16},"end":{"line":1,"column":34}},"1":{"start":{"line":2,"column":15},"end":{"line":2,"column":31}},"2":{"start":{"line":3,"column":30},"end":{"line":3,"column":77}},"3":{"start":{"line":6,"column":0},"end":{"line":6,"column":51}},"4":{"start":{"line":7,"column":0},"end":{"line":7,"column":54}},"5":{"start":{"line":10,"column":0},"end":{"line":10,"column":24}}},"fnMap":{},"branchMap":{},"s":{"0":5,"1":5,"2":5,"3":5,"4":5,"5":5},"f":{},"b":{},"_coverageSchema":"1a1c01bbd47fc00a2c39e90264f33305004495a9","hash":"ae82ea2fecb58223137fe392bf43d32d2fbebcc1"}
,"D:\\hacktiv8\\phase-2\\IP\\IP-HCK84-SteamSaverPLUS\\server\\routes\\rec.js": {"path":"D:\\hacktiv8\\phase-2\\IP\\IP-HCK84-SteamSaverPLUS\\server\\routes\\rec.js","statementMap":{"0":{"start":{"line":1,"column":16},"end":{"line":1,"column":34}},"1":{"start":{"line":2,"column":15},"end":{"line":2,"column":31}},"2":{"start":{"line":3,"column":23},"end":{"line":3,"column":63}},"3":{"start":{"line":4,"column":25},"end":{"line":4,"column":67}},"4":{"start":{"line":7,"column":0},"end":{"line":7,"column":27}},"5":{"start":{"line":9,"column":0},"end":{"line":9,"column":53}},"6":{"start":{"line":11,"column":0},"end":{"line":11,"column":24}}},"fnMap":{},"branchMap":{},"s":{"0":5,"1":5,"2":5,"3":5,"4":5,"5":5,"6":5},"f":{},"b":{},"_coverageSchema":"1a1c01bbd47fc00a2c39e90264f33305004495a9","hash":"f21380916043472a92ddedfe88b6da1008e60ed1"}
,"D:\\hacktiv8\\phase-2\\IP\\IP-HCK84-SteamSaverPLUS\\server\\routes\\wishList.js": {"path":"D:\\hacktiv8\\phase-2\\IP\\IP-HCK84-SteamSaverPLUS\\server\\routes\\wishList.js","statementMap":{"0":{"start":{"line":1,"column":16},"end":{"line":1,"column":34}},"1":{"start":{"line":2,"column":15},"end":{"line":2,"column":31}},"2":{"start":{"line":3,"column":27},"end":{"line":3,"column":71}},"3":{"start":{"line":4,"column":23},"end":{"line":4,"column":63}},"4":{"start":{"line":6,"column":0},"end":{"line":6,"column":27}},"5":{"start":{"line":8,"column":0},"end":{"line":8,"column":44}},"6":{"start":{"line":9,"column":0},"end":{"line":9,"column":48}},"7":{"start":{"line":10,"column":0},"end":{"line":10,"column":53}},"8":{"start":{"line":12,"column":0},"end":{"line":12,"column":24}}},"fnMap":{},"branchMap":{},"s":{"0":5,"1":5,"2":5,"3":5,"4":5,"5":5,"6":5,"7":5,"8":5},"f":{},"b":{},"_coverageSchema":"1a1c01bbd47fc00a2c39e90264f33305004495a9","hash":"66da960d92e71e29255d8ac26507a38e14d0ade1"}
}
