TN:
SF:app.js
FN:11,(anonymous_0)
FNF:1
FNH:0
FNDA:0,(anonymous_0)
DA:1,1
DA:2,1
DA:4,1
DA:5,1
DA:6,1
DA:7,1
DA:8,1
DA:10,1
DA:11,1
DA:12,0
DA:15,1
DA:16,1
DA:17,1
DA:19,1
DA:21,1
DA:23,1
LF:16
LH:15
BRDA:1,0,0,1
BRDA:1,0,1,0
BRF:2
BRH:1
end_of_record
TN:
SF:controllers\gameListController.js
FN:4,(anonymous_0)
FN:13,(anonymous_1)
FN:26,(anonymous_2)
FN:35,(anonymous_3)
FN:51,(anonymous_4)
FN:66,(anonymous_5)
FNF:6
FNH:0
FNDA:0,(anonymous_0)
FNDA:0,(anonymous_1)
FNDA:0,(anonymous_2)
FNDA:0,(anonymous_3)
FNDA:0,(anonymous_4)
FNDA:0,(anonymous_5)
DA:1,1
DA:3,1
DA:5,0
DA:6,0
DA:7,0
DA:9,0
DA:14,0
DA:15,0
DA:16,0
DA:17,0
DA:18,0
DA:20,0
DA:22,0
DA:27,0
DA:28,0
DA:29,0
DA:31,0
DA:36,0
DA:37,0
DA:38,0
DA:41,0
DA:42,0
DA:44,0
DA:45,0
DA:47,0
DA:52,0
DA:53,0
DA:54,0
DA:57,0
DA:58,0
DA:60,0
DA:62,0
DA:67,0
DA:68,0
DA:69,0
DA:71,0
LF:36
LH:2
BRDA:17,0,0,0
BRDA:17,0,1,0
BRDA:41,1,0,0
BRDA:41,1,1,0
BRDA:57,2,0,0
BRDA:57,2,1,0
BRF:6
BRH:0
end_of_record
TN:
SF:controllers\geminiController.js
FN:9,(anonymous_0)
FN:67,createGameRecommendationPrompt
FN:98,parseGeminiResponse
FN:126,getUserFavoriteGenres
FN:146,(anonymous_4)
FN:156,enrichRecommendationsWithGameList
FN:164,(anonymous_6)
FN:179,(anonymous_7)
FN:214,(anonymous_8)
FN:217,(anonymous_9)
FN:218,(anonymous_10)
FN:218,(anonymous_11)
FN:222,(anonymous_12)
FN:236,getGamesFromDatabase
FN:239,(anonymous_14)
FN:259,(anonymous_15)
FNF:16
FNH:0
FNDA:0,(anonymous_0)
FNDA:0,createGameRecommendationPrompt
FNDA:0,parseGeminiResponse
FNDA:0,getUserFavoriteGenres
FNDA:0,(anonymous_4)
FNDA:0,enrichRecommendationsWithGameList
FNDA:0,(anonymous_6)
FNDA:0,(anonymous_7)
FNDA:0,(anonymous_8)
FNDA:0,(anonymous_9)
FNDA:0,(anonymous_10)
FNDA:0,(anonymous_11)
FNDA:0,(anonymous_12)
FNDA:0,getGamesFromDatabase
FNDA:0,(anonymous_14)
FNDA:0,(anonymous_15)
DA:1,1
DA:2,1
DA:3,1
DA:4,1
DA:7,1
DA:10,0
DA:12,0
DA:14,0
DA:15,0
DA:22,0
DA:24,0
DA:25,0
DA:32,0
DA:35,0
DA:38,0
DA:41,0
DA:46,0
DA:55,0
DA:56,0
DA:68,0
DA:70,0
DA:99,0
DA:102,0
DA:104,0
DA:105,0
DA:106,0
DA:110,0
DA:111,0
DA:116,0
DA:117,0
DA:127,0
DA:129,0
DA:141,0
DA:142,0
DA:146,0
DA:148,0
DA:150,0
DA:151,0
DA:157,0
DA:159,0
DA:162,0
DA:163,0
DA:166,0
DA:175,0
DA:176,0
DA:179,0
DA:188,0
DA:189,0
DA:206,0
DA:214,0
DA:215,0
DA:217,0
DA:218,0
DA:221,0
DA:222,0
DA:227,0
DA:229,0
DA:231,0
DA:237,0
DA:238,0
DA:239,0
DA:247,0
DA:248,0
DA:253,0
DA:259,0
DA:275,0
DA:276,0
DA:280,1
LF:68
LH:6
BRDA:12,0,0,0
BRDA:12,0,1,0
BRDA:14,1,0,0
BRDA:14,1,1,0
BRDA:24,2,0,0
BRDA:24,2,1,0
BRDA:24,3,0,0
BRDA:24,3,1,0
BRDA:60,4,0,0
BRDA:60,4,1,0
BRDA:104,5,0,0
BRDA:104,5,1,0
BRDA:141,6,0,0
BRDA:141,6,1,0
BRDA:146,7,0,0
BRDA:146,7,1,0
BRDA:157,8,0,0
BRDA:157,8,1,0
BRDA:175,9,0,0
BRDA:175,9,1,0
BRDA:175,10,0,0
BRDA:175,10,1,0
BRDA:175,10,2,0
BRDA:188,11,0,0
BRDA:188,11,1,0
BRDA:200,12,0,0
BRDA:200,12,1,0
BRDA:214,13,0,0
BRDA:214,13,1,0
BRDA:236,14,0,0
BRDA:236,15,0,0
BRDA:247,16,0,0
BRDA:247,16,1,0
BRF:33
BRH:0
end_of_record
TN:
SF:controllers\helloController.js
FN:2,(anonymous_0)
FNF:1
FNH:0
FNDA:0,(anonymous_0)
DA:1,1
DA:3,0
LF:2
LH:1
BRF:0
BRH:0
end_of_record
TN:
SF:controllers\pubGameListController.js
FN:5,(anonymous_0)
FN:58,(anonymous_1)
FNF:2
FNH:0
FNDA:0,(anonymous_0)
FNDA:0,(anonymous_1)
DA:1,1
DA:2,1
DA:4,1
DA:6,0
DA:7,0
DA:8,0
DA:9,0
DA:11,0
DA:12,0
DA:17,0
DA:18,0
DA:20,0
DA:23,0
DA:24,0
DA:27,0
DA:30,0
DA:31,0
DA:32,0
DA:33,0
DA:34,0
DA:35,0
DA:38,0
DA:39,0
DA:40,0
DA:44,0
DA:46,0
DA:54,0
DA:59,0
DA:60,0
DA:61,0
DA:67,0
DA:68,0
DA:70,0
DA:72,0
LF:34
LH:3
BRDA:11,0,0,0
BRDA:11,0,1,0
BRDA:17,1,0,0
BRDA:17,1,1,0
BRDA:18,2,0,0
BRDA:18,2,1,0
BRDA:23,3,0,0
BRDA:23,3,1,0
BRDA:32,4,0,0
BRDA:32,4,1,0
BRDA:33,5,0,0
BRDA:33,5,1,0
BRDA:38,6,0,0
BRDA:38,6,1,0
BRDA:67,7,0,0
BRDA:67,7,1,0
BRF:16
BRH:0
end_of_record
TN:
SF:controllers\userController.js
FN:8,(anonymous_0)
FN:70,(anonymous_1)
FN:101,(anonymous_2)
FN:129,getRandomGenres
FN:130,(anonymous_4)
FN:131,(anonymous_5)
FNF:6
FNH:6
FNDA:11,(anonymous_0)
FNDA:7,(anonymous_1)
FNDA:6,(anonymous_2)
FNDA:2,getRandomGenres
FNDA:36,(anonymous_4)
FNDA:107,(anonymous_5)
DA:1,1
DA:2,1
DA:3,1
DA:4,1
DA:5,1
DA:7,1
DA:9,11
DA:10,11
DA:12,11
DA:13,1
DA:16,10
DA:17,1
DA:20,9
DA:21,2
DA:27,7
DA:28,1
DA:34,6
DA:35,6
DA:36,1
DA:39,5
DA:40,5
DA:41,1
DA:45,4
DA:48,2
DA:54,2
DA:55,1
DA:59,1
DA:61,1
DA:66,8
DA:71,7
DA:72,7
DA:74,7
DA:75,2
DA:77,5
DA:78,2
DA:81,3
DA:84,3
DA:85,1
DA:88,2
DA:89,2
DA:90,1
DA:93,1
DA:95,1
DA:97,6
DA:102,6
DA:103,6
DA:109,4
DA:111,4
DA:112,4
DA:113,4
DA:117,4
DA:121,3
DA:123,2
DA:130,36
DA:131,107
DA:132,2
DA:135,2
DA:137,2
DA:140,3
DA:142,3
DA:144,3
DA:145,3
LF:62
LH:62
BRDA:12,0,0,1
BRDA:12,0,1,10
BRDA:16,1,0,1
BRDA:16,1,1,9
BRDA:20,2,0,2
BRDA:20,2,1,7
BRDA:20,3,0,9
BRDA:20,3,1,8
BRDA:27,4,0,1
BRDA:27,4,1,6
BRDA:35,5,0,1
BRDA:35,5,1,5
BRDA:40,6,0,1
BRDA:40,6,1,4
BRDA:54,7,0,1
BRDA:54,7,1,1
BRDA:74,8,0,2
BRDA:74,8,1,5
BRDA:77,9,0,2
BRDA:77,9,1,3
BRDA:84,10,0,1
BRDA:84,10,1,2
BRDA:89,11,0,1
BRDA:89,11,1,1
BRDA:121,12,0,2
BRDA:121,12,1,1
BRF:26
BRH:26
end_of_record
TN:
SF:controllers\wishListController.js
FN:5,(anonymous_0)
FN:23,(anonymous_1)
FN:55,(anonymous_2)
FNF:3
FNH:0
FNDA:0,(anonymous_0)
FNDA:0,(anonymous_1)
FNDA:0,(anonymous_2)
DA:1,1
DA:6,0
DA:7,0
DA:9,0
DA:16,0
DA:18,0
DA:24,0
DA:25,0
DA:26,0
DA:29,0
DA:30,0
DA:33,0
DA:39,0
DA:41,0
DA:46,0
DA:50,0
DA:56,0
DA:57,0
DA:58,0
DA:63,0
DA:70,0
DA:72,0
DA:79,0
DA:81,0
DA:86,1
LF:25
LH:2
BRDA:30,0,0,0
BRDA:30,0,1,0
BRDA:39,1,0,0
BRDA:39,1,1,0
BRDA:70,2,0,0
BRDA:70,2,1,0
BRF:6
BRH:0
end_of_record
TN:
SF:helpers\bcrypt.js
FN:3,(anonymous_0)
FN:8,(anonymous_1)
FNF:2
FNH:2
FNDA:6,(anonymous_0)
FNDA:2,(anonymous_1)
DA:1,1
DA:3,1
DA:4,6
DA:5,6
DA:8,1
DA:9,2
DA:12,1
LF:7
LH:7
BRF:0
BRH:0
end_of_record
TN:
SF:helpers\gemini.js
FN:7,generateContent
FNF:1
FNH:0
FNDA:0,generateContent
DA:1,1
DA:4,1
DA:5,1
DA:9,0
DA:11,0
DA:14,0
DA:15,0
DA:16,0
DA:18,0
DA:20,0
DA:21,0
DA:29,1
LF:12
LH:4
BRDA:7,0,0,0
BRF:1
BRH:0
end_of_record
TN:
SF:helpers\jwt.js
FN:5,(anonymous_0)
FN:9,(anonymous_1)
FNF:2
FNH:1
FNDA:5,(anonymous_0)
FNDA:0,(anonymous_1)
DA:1,1
DA:3,1
DA:5,1
DA:6,5
DA:9,1
DA:10,0
DA:13,1
LF:7
LH:6
BRF:0
BRH:0
end_of_record
TN:
SF:middlewares\authentication.js
FN:4,authentication
FNF:1
FNH:0
FNDA:0,authentication
DA:1,1
DA:2,1
DA:5,0
DA:6,0
DA:8,0
DA:9,0
DA:12,0
DA:13,0
DA:14,0
DA:16,0
DA:17,0
DA:20,0
DA:22,0
DA:24,0
DA:25,0
DA:28,0
DA:30,0
DA:32,0
DA:36,1
LF:19
LH:3
BRDA:8,0,0,0
BRDA:8,0,1,0
BRDA:16,1,0,0
BRDA:16,1,1,0
BRDA:16,2,0,0
BRDA:16,2,1,0
BRDA:24,3,0,0
BRDA:24,3,1,0
BRF:8
BRH:0
end_of_record
TN:
SF:middlewares\errorHandler.js
FN:1,errorHandler
FNF:1
FNH:1
FNDA:17,errorHandler
DA:2,17
DA:3,17
DA:4,17
DA:6,17
DA:9,2
DA:10,2
DA:12,0
DA:13,0
DA:15,2
DA:16,2
DA:18,0
DA:19,0
DA:23,0
DA:24,0
DA:25,0
DA:26,0
DA:28,0
DA:29,0
DA:30,0
DA:31,0
DA:33,10
DA:34,10
DA:35,10
DA:36,10
DA:38,3
DA:39,3
DA:43,1
LF:27
LH:15
BRDA:6,0,0,2
BRDA:6,0,1,2
BRDA:6,0,2,0
BRDA:6,0,3,2
BRDA:6,0,4,0
BRDA:6,0,5,0
BRDA:6,0,6,0
BRDA:6,0,7,0
BRDA:6,0,8,0
BRDA:6,0,9,10
BRDA:6,0,10,3
BRDA:24,1,0,0
BRDA:24,1,1,0
BRDA:29,2,0,0
BRDA:29,2,1,0
BRDA:34,3,0,10
BRDA:34,3,1,0
BRF:17
BRH:6
end_of_record
TN:
SF:models\gamelist.js
FN:3,(anonymous_0)
FN:5,(anonymous_1)
FNF:2
FNH:2
FNDA:1,(anonymous_0)
FNDA:1,(anonymous_1)
DA:2,1
DA:3,1
DA:6,1
DA:9,1
DA:42,1
LF:5
LH:5
BRF:0
BRH:0
end_of_record
TN:
SF:models\genre.js
FN:4,(anonymous_0)
FN:6,(anonymous_1)
FNF:2
FNH:2
FNDA:1,(anonymous_0)
FNDA:1,(anonymous_1)
DA:2,1
DA:4,1
DA:8,1
DA:16,1
DA:31,1
LF:5
LH:5
BRF:0
BRH:0
end_of_record
TN:
SF:models\index.js
FN:21,(anonymous_0)
FN:29,(anonymous_1)
FN:34,(anonymous_2)
FNF:3
FNH:3
FNDA:5,(anonymous_0)
FNDA:4,(anonymous_1)
FNDA:4,(anonymous_2)
DA:3,1
DA:4,1
DA:5,1
DA:6,1
DA:7,1
DA:8,1
DA:9,1
DA:10,1
DA:13,1
DA:14,0
DA:16,1
DA:19,1
DA:22,5
DA:30,4
DA:31,4
DA:34,1
DA:35,4
DA:36,4
DA:40,1
DA:41,1
DA:43,1
LF:21
LH:20
BRDA:8,0,0,1
BRDA:8,0,1,0
BRDA:13,1,0,0
BRDA:13,1,1,1
BRDA:23,2,0,5
BRDA:23,2,1,5
BRDA:23,2,2,4
BRDA:23,2,3,4
BRDA:35,3,0,4
BRDA:35,3,1,0
BRF:10
BRH:7
end_of_record
TN:
SF:models\user.js
FN:5,(anonymous_0)
FN:7,(anonymous_1)
FN:71,(anonymous_2)
FN:74,(anonymous_3)
FNF:4
FNH:3
FNDA:1,(anonymous_0)
FNDA:1,(anonymous_1)
FNDA:6,(anonymous_2)
FNDA:0,(anonymous_3)
DA:2,1
DA:3,1
DA:5,1
DA:8,1
DA:9,1
DA:17,1
DA:72,6
DA:75,0
DA:76,0
DA:83,1
LF:10
LH:8
BRDA:75,0,0,0
BRDA:75,0,1,0
BRF:2
BRH:0
end_of_record
TN:
SF:models\wishlist.js
FN:3,(anonymous_0)
FN:5,(anonymous_1)
FNF:2
FNH:2
FNDA:1,(anonymous_0)
FNDA:1,(anonymous_1)
DA:2,1
DA:3,1
DA:6,1
DA:7,1
DA:10,1
DA:20,1
LF:6
LH:6
BRF:0
BRH:0
end_of_record
TN:
SF:routes\auth.js
FNF:0
FNH:0
DA:1,1
DA:2,1
DA:3,1
DA:5,1
DA:6,1
DA:7,1
DA:9,1
LF:7
LH:7
BRF:0
BRH:0
end_of_record
TN:
SF:routes\gameList.js
FNF:0
FNH:0
DA:1,1
DA:2,1
DA:3,1
DA:4,1
DA:6,1
DA:7,1
DA:8,1
DA:9,1
DA:10,1
DA:11,1
DA:13,1
LF:11
LH:11
BRF:0
BRH:0
end_of_record
TN:
SF:routes\index.js
FNF:0
FNH:0
DA:1,1
DA:2,1
DA:3,1
DA:4,1
DA:5,1
DA:6,1
DA:7,1
DA:8,1
DA:10,1
DA:12,1
DA:13,1
DA:14,1
DA:15,1
DA:16,1
DA:18,1
LF:15
LH:15
BRF:0
BRH:0
end_of_record
TN:
SF:routes\public.js
FNF:0
FNH:0
DA:1,1
DA:2,1
DA:3,1
DA:6,1
DA:7,1
DA:10,1
LF:6
LH:6
BRF:0
BRH:0
end_of_record
TN:
SF:routes\rec.js
FNF:0
FNH:0
DA:1,1
DA:2,1
DA:3,1
DA:4,1
DA:7,1
DA:9,1
DA:11,1
LF:7
LH:7
BRF:0
BRH:0
end_of_record
TN:
SF:routes\wishList.js
FNF:0
FNH:0
DA:1,1
DA:2,1
DA:3,1
DA:4,1
DA:6,1
DA:9,1
DA:10,1
DA:11,1
DA:13,1
LF:9
LH:9
BRF:0
BRH:0
end_of_record
